{"/home/travis/build/npmtest/node-npmtest-react-router-component/test.js":{"path":"/home/travis/build/npmtest/node-npmtest-react-router-component/test.js","s":{"1":2,"2":2,"3":2,"4":2,"5":2,"6":2,"7":2,"8":1,"9":2,"10":2,"11":1,"12":1,"13":1,"14":1,"15":2,"16":2,"17":2,"18":2,"19":1,"20":1,"21":2,"22":2,"23":2,"24":1,"25":1,"26":1,"27":1,"28":1,"29":1,"30":1,"31":1,"32":1,"33":1,"34":1,"35":1,"36":1,"37":1,"38":1,"39":2,"40":2,"41":1,"42":2,"43":2,"44":1,"45":2,"46":2,"47":1,"48":2,"49":2,"50":1,"51":1,"52":1,"53":1,"54":1},"b":{"1":[2,1,1,1],"2":[1,1,1,1],"3":[1,1],"4":[1,1],"5":[1,1],"6":[1,1],"7":[1,1],"8":[1,1],"9":[1,1],"10":[1,1,1],"11":[1,1],"12":[1,1],"13":[1,1],"14":[1,1],"15":[1,1],"16":[1,1],"17":[1,1]},"f":{"1":2,"2":2,"3":2,"4":2,"5":2,"6":1,"7":1,"8":1,"9":2,"10":2,"11":2,"12":2,"13":1},"fnMap":{"1":{"name":"(anonymous_1)","line":12,"loc":{"start":{"line":12,"column":1},"end":{"line":12,"column":13}}},"2":{"name":"(anonymous_2)","line":19,"loc":{"start":{"line":19,"column":5},"end":{"line":19,"column":17}}},"3":{"name":"(anonymous_3)","line":23,"loc":{"start":{"line":23,"column":24},"end":{"line":23,"column":36}}},"4":{"name":"(anonymous_4)","line":61,"loc":{"start":{"line":61,"column":5},"end":{"line":61,"column":17}}},"5":{"name":"(anonymous_5)","line":82,"loc":{"start":{"line":82,"column":5},"end":{"line":82,"column":17}}},"6":{"name":"(anonymous_6)","line":91,"loc":{"start":{"line":91,"column":77},"end":{"line":94,"column":10}}},"7":{"name":"(anonymous_7)","line":112,"loc":{"start":{"line":112,"column":83},"end":{"line":115,"column":10}},"skip":true},"8":{"name":"(anonymous_8)","line":123,"loc":{"start":{"line":123,"column":77},"end":{"line":126,"column":10}},"skip":true},"9":{"name":"(anonymous_9)","line":139,"loc":{"start":{"line":139,"column":12},"end":{"line":139,"column":40}},"skip":true},"10":{"name":"(anonymous_10)","line":147,"loc":{"start":{"line":147,"column":77},"end":{"line":150,"column":10}},"skip":true},"11":{"name":"(anonymous_11)","line":158,"loc":{"start":{"line":158,"column":83},"end":{"line":161,"column":10}},"skip":true},"12":{"name":"(anonymous_12)","line":169,"loc":{"start":{"line":169,"column":79},"end":{"line":172,"column":10}},"skip":true},"13":{"name":"(anonymous_13)","line":180,"loc":{"start":{"line":180,"column":75},"end":{"line":183,"column":10}},"skip":true}},"statementMap":{"1":{"start":{"line":12,"column":0},"end":{"line":195,"column":5}},"2":{"start":{"line":14,"column":4},"end":{"line":14,"column":14}},"3":{"start":{"line":19,"column":4},"end":{"line":56,"column":9}},"4":{"start":{"line":21,"column":8},"end":{"line":21,"column":19}},"5":{"start":{"line":23,"column":8},"end":{"line":35,"column":13}},"6":{"start":{"line":24,"column":12},"end":{"line":34,"column":13}},"7":{"start":{"line":25,"column":16},"end":{"line":28,"column":30}},"8":{"start":{"line":30,"column":16},"end":{"line":33,"column":27}},"9":{"start":{"line":37,"column":8},"end":{"line":39,"column":21}},"10":{"start":{"line":40,"column":8},"end":{"line":53,"column":9}},"11":{"start":{"line":43,"column":12},"end":{"line":46,"column":14}},"12":{"start":{"line":47,"column":12},"end":{"line":47,"column":18}},"13":{"start":{"line":50,"column":12},"end":{"line":51,"column":33}},"14":{"start":{"line":52,"column":12},"end":{"line":52,"column":18}},"15":{"start":{"line":55,"column":8},"end":{"line":55,"column":35}},"16":{"start":{"line":61,"column":4},"end":{"line":63,"column":9}},"17":{"start":{"line":62,"column":8},"end":{"line":62,"column":15}},"18":{"start":{"line":64,"column":4},"end":{"line":77,"column":5}},"19":{"start":{"line":70,"column":8},"end":{"line":70,"column":14}},"20":{"start":{"line":76,"column":8},"end":{"line":76,"column":14}},"21":{"start":{"line":82,"column":4},"end":{"line":84,"column":9}},"22":{"start":{"line":83,"column":8},"end":{"line":83,"column":15}},"23":{"start":{"line":85,"column":4},"end":{"line":194,"column":5}},"24":{"start":{"line":91,"column":8},"end":{"line":99,"column":10}},"25":{"start":{"line":98,"column":12},"end":{"line":98,"column":35}},"26":{"start":{"line":102,"column":8},"end":{"line":104,"column":63}},"27":{"start":{"line":105,"column":8},"end":{"line":105,"column":14}},"28":{"start":{"line":112,"column":8},"end":{"line":121,"column":10},"skip":true},"29":{"start":{"line":119,"column":12},"end":{"line":119,"column":55},"skip":true},"30":{"start":{"line":120,"column":12},"end":{"line":120,"column":48},"skip":true},"31":{"start":{"line":123,"column":8},"end":{"line":136,"column":10},"skip":true},"32":{"start":{"line":130,"column":12},"end":{"line":130,"column":76},"skip":true},"33":{"start":{"line":131,"column":12},"end":{"line":131,"column":73},"skip":true},"34":{"start":{"line":132,"column":12},"end":{"line":132,"column":74},"skip":true},"35":{"start":{"line":133,"column":12},"end":{"line":133,"column":79},"skip":true},"36":{"start":{"line":134,"column":12},"end":{"line":134,"column":25},"skip":true},"37":{"start":{"line":135,"column":12},"end":{"line":135,"column":45},"skip":true},"38":{"start":{"line":138,"column":8},"end":{"line":145,"column":14},"skip":true},"39":{"start":{"line":143,"column":16},"end":{"line":143,"column":29},"skip":true},"40":{"start":{"line":144,"column":16},"end":{"line":144,"column":55},"skip":true},"41":{"start":{"line":147,"column":8},"end":{"line":156,"column":10},"skip":true},"42":{"start":{"line":154,"column":12},"end":{"line":154,"column":25},"skip":true},"43":{"start":{"line":155,"column":12},"end":{"line":155,"column":45},"skip":true},"44":{"start":{"line":158,"column":8},"end":{"line":167,"column":10},"skip":true},"45":{"start":{"line":165,"column":12},"end":{"line":165,"column":25},"skip":true},"46":{"start":{"line":166,"column":12},"end":{"line":166,"column":48},"skip":true},"47":{"start":{"line":169,"column":8},"end":{"line":178,"column":10},"skip":true},"48":{"start":{"line":176,"column":12},"end":{"line":176,"column":25},"skip":true},"49":{"start":{"line":177,"column":12},"end":{"line":177,"column":46},"skip":true},"50":{"start":{"line":180,"column":8},"end":{"line":189,"column":10},"skip":true},"51":{"start":{"line":187,"column":12},"end":{"line":187,"column":94},"skip":true},"52":{"start":{"line":188,"column":12},"end":{"line":188,"column":48},"skip":true},"53":{"start":{"line":192,"column":8},"end":{"line":192,"column":35},"skip":true},"54":{"start":{"line":193,"column":8},"end":{"line":193,"column":14},"skip":true}},"branchMap":{"1":{"line":25,"type":"binary-expr","locations":[{"start":{"line":25,"column":23},"end":{"line":25,"column":62}},{"start":{"line":26,"column":20},"end":{"line":26,"column":70}},{"start":{"line":27,"column":20},"end":{"line":27,"column":71}},{"start":{"line":28,"column":20},"end":{"line":28,"column":29}}]},"2":{"line":30,"type":"binary-expr","locations":[{"start":{"line":30,"column":23},"end":{"line":30,"column":37}},{"start":{"line":31,"column":20},"end":{"line":31,"column":61}},{"start":{"line":32,"column":20},"end":{"line":32,"column":70}},{"start":{"line":33,"column":20},"end":{"line":33,"column":26}}]},"3":{"line":37,"type":"cond-expr","locations":[{"start":{"line":38,"column":14},"end":{"line":38,"column":20}},{"start":{"line":39,"column":14},"end":{"line":39,"column":20}}]},"4":{"line":40,"type":"switch","locations":[{"start":{"line":42,"column":8},"end":{"line":47,"column":18}},{"start":{"line":49,"column":8},"end":{"line":52,"column":18}}]},"5":{"line":44,"type":"binary-expr","locations":[{"start":{"line":44,"column":16},"end":{"line":44,"column":44}},{"start":{"line":44,"column":48},"end":{"line":44,"column":66}}]},"6":{"line":50,"type":"binary-expr","locations":[{"start":{"line":50,"column":21},"end":{"line":50,"column":49}},{"start":{"line":50,"column":53},"end":{"line":50,"column":72}}]},"7":{"line":64,"type":"switch","locations":[{"start":{"line":69,"column":4},"end":{"line":70,"column":14}},{"start":{"line":75,"column":4},"end":{"line":76,"column":14}}]},"8":{"line":85,"type":"switch","locations":[{"start":{"line":90,"column":4},"end":{"line":105,"column":14}},{"start":{"line":111,"column":4},"end":{"line":193,"column":14},"skip":true}]},"9":{"line":91,"type":"binary-expr","locations":[{"start":{"line":91,"column":42},"end":{"line":91,"column":73}},{"start":{"line":91,"column":77},"end":{"line":99,"column":9}}]},"10":{"line":102,"type":"binary-expr","locations":[{"start":{"line":102,"column":18},"end":{"line":102,"column":32}},{"start":{"line":103,"column":12},"end":{"line":103,"column":53}},{"start":{"line":104,"column":12},"end":{"line":104,"column":61}}]},"11":{"line":112,"type":"binary-expr","locations":[{"start":{"line":112,"column":45},"end":{"line":112,"column":79},"skip":true},{"start":{"line":112,"column":83},"end":{"line":121,"column":9},"skip":true}]},"12":{"line":123,"type":"binary-expr","locations":[{"start":{"line":123,"column":42},"end":{"line":123,"column":73},"skip":true},{"start":{"line":123,"column":77},"end":{"line":136,"column":9},"skip":true}]},"13":{"line":138,"type":"binary-expr","locations":[{"start":{"line":138,"column":48},"end":{"line":138,"column":85},"skip":true},{"start":{"line":139,"column":12},"end":{"line":145,"column":13},"skip":true}]},"14":{"line":147,"type":"binary-expr","locations":[{"start":{"line":147,"column":42},"end":{"line":147,"column":73},"skip":true},{"start":{"line":147,"column":77},"end":{"line":156,"column":9},"skip":true}]},"15":{"line":158,"type":"binary-expr","locations":[{"start":{"line":158,"column":45},"end":{"line":158,"column":79},"skip":true},{"start":{"line":158,"column":83},"end":{"line":167,"column":9},"skip":true}]},"16":{"line":169,"type":"binary-expr","locations":[{"start":{"line":169,"column":43},"end":{"line":169,"column":75},"skip":true},{"start":{"line":169,"column":79},"end":{"line":178,"column":9},"skip":true}]},"17":{"line":180,"type":"binary-expr","locations":[{"start":{"line":180,"column":41},"end":{"line":180,"column":71},"skip":true},{"start":{"line":180,"column":75},"end":{"line":189,"column":9},"skip":true}]}},"code":["/* istanbul instrument in package npmtest_react_router_component */","/*jslint","    bitwise: true,","    browser: true,","    maxerr: 8,","    maxlen: 96,","    node: true,","    nomen: true,","    regexp: true,","    stupid: true","*/","(function () {","    'use strict';","    var local;","","","","    // run shared js-env code - pre-init","    (function () {","        // init local","        local = {};","        // init modeJs","        local.modeJs = (function () {","            try {","                return typeof navigator.userAgent === 'string' &&","                    typeof document.querySelector('body') === 'object' &&","                    typeof XMLHttpRequest.prototype.open === 'function' &&","                    'browser';","            } catch (errorCaughtBrowser) {","                return module.exports &&","                    typeof process.versions.node === 'string' &&","                    typeof require('http').createServer === 'function' &&","                    'node';","            }","        }());","        // init global","        local.global = local.modeJs === 'browser'","            ? window","            : global;","        switch (local.modeJs) {","        // re-init local from window.local","        case 'browser':","            local = local.global.utility2.objectSetDefault(","                local.global.utility2_rollup || local.global.local,","                local.global.utility2","            );","            break;","        // re-init local from example.js","        case 'node':","            local = (local.global.utility2_rollup || require('utility2'))","                .requireReadme();","            break;","        }","        // export local","        local.global.local = local;","    }());","","","","    // run shared js-env code - function","    (function () {","        return;","    }());","    switch (local.modeJs) {","","","","    // run browser js-env code - function","    case 'browser':","        break;","","","","    // run node js-env code - function","    case 'node':","        break;","    }","","","","    // run shared js-env code - post-init","    (function () {","        return;","    }());","    switch (local.modeJs) {","","","","    // run browser js-env code - post-init","    case 'browser':","        local.testCase_browser_nullCase = local.testCase_browser_nullCase || function (","            options,","            onError","        ) {","        /*","         * this function will test browsers's null-case handling-behavior-behavior","         */","            onError(null, options);","        };","","        // run tests","        local.nop(local.modeTest &&","            document.querySelector('#testRunButton1') &&","            document.querySelector('#testRunButton1').click());","        break;","","","","    // run node js-env code - post-init","    /* istanbul ignore next */","    case 'node':","        local.testCase_buildApidoc_default = local.testCase_buildApidoc_default || function (","            options,","            onError","        ) {","        /*","         * this function will test buildApidoc's default handling-behavior-behavior","         */","            options = { modulePathList: module.paths };","            local.buildApidoc(options, onError);","        };","","        local.testCase_buildApp_default = local.testCase_buildApp_default || function (","            options,","            onError","        ) {","        /*","         * this function will test buildApp's default handling-behavior-behavior","         */","            local.testCase_buildReadme_default(options, local.onErrorThrow);","            local.testCase_buildLib_default(options, local.onErrorThrow);","            local.testCase_buildTest_default(options, local.onErrorThrow);","            local.testCase_buildCustomOrg_default(options, local.onErrorThrow);","            options = [];","            local.buildApp(options, onError);","        };","","        local.testCase_buildCustomOrg_default = local.testCase_buildCustomOrg_default ||","            function (options, onError) {","            /*","             * this function will test buildCustomOrg's default handling-behavior","             */","                options = {};","                local.buildCustomOrg(options, onError);","            };","","        local.testCase_buildLib_default = local.testCase_buildLib_default || function (","            options,","            onError","        ) {","        /*","         * this function will test buildLib's default handling-behavior","         */","            options = {};","            local.buildLib(options, onError);","        };","","        local.testCase_buildReadme_default = local.testCase_buildReadme_default || function (","            options,","            onError","        ) {","        /*","         * this function will test buildReadme's default handling-behavior-behavior","         */","            options = {};","            local.buildReadme(options, onError);","        };","","        local.testCase_buildTest_default = local.testCase_buildTest_default || function (","            options,","            onError","        ) {","        /*","         * this function will test buildTest's default handling-behavior","         */","            options = {};","            local.buildTest(options, onError);","        };","","        local.testCase_webpage_default = local.testCase_webpage_default || function (","            options,","            onError","        ) {","        /*","         * this function will test webpage's default handling-behavior","         */","            options = { modeCoverageMerge: true, url: local.serverLocalHost + '?modeTest=1' };","            local.browserTest(options, onError);","        };","","        // run test-server","        local.testRunServer(local);","        break;","    }","}());",""],"l":{"12":2,"14":2,"19":2,"21":2,"23":2,"24":2,"25":2,"30":1,"37":2,"40":2,"43":1,"47":1,"50":1,"52":1,"55":2,"61":2,"62":2,"64":2,"70":1,"76":1,"82":2,"83":2,"85":2,"91":1,"98":1,"102":1,"105":1,"112":1,"119":1,"120":1,"123":1,"130":1,"131":1,"132":1,"133":1,"134":1,"135":1,"138":1,"143":2,"144":2,"147":1,"154":2,"155":2,"158":1,"165":2,"166":2,"169":1,"176":2,"177":2,"180":1,"187":1,"188":1,"192":1,"193":1}},"/home/travis/build/npmtest/node-npmtest-react-router-component/lib.npmtest_react_router_component.js":{"path":"/home/travis/build/npmtest/node-npmtest-react-router-component/lib.npmtest_react_router_component.js","s":{"1":2,"2":2,"3":2,"4":2,"5":2,"6":2,"7":2,"8":1,"9":2,"10":2,"11":2,"12":2,"13":1,"14":1,"15":1,"16":1},"b":{"1":[2,1,1,1],"2":[1,1,1,1],"3":[1,1],"4":[2,2],"5":[1,1]},"f":{"1":2,"2":2,"3":2},"fnMap":{"1":{"name":"(anonymous_1)","line":12,"loc":{"start":{"line":12,"column":1},"end":{"line":12,"column":13}}},"2":{"name":"(anonymous_2)","line":19,"loc":{"start":{"line":19,"column":5},"end":{"line":19,"column":17}}},"3":{"name":"(anonymous_3)","line":23,"loc":{"start":{"line":23,"column":24},"end":{"line":23,"column":36}}}},"statementMap":{"1":{"start":{"line":12,"column":0},"end":{"line":53,"column":5}},"2":{"start":{"line":14,"column":4},"end":{"line":14,"column":14}},"3":{"start":{"line":19,"column":4},"end":{"line":52,"column":9}},"4":{"start":{"line":21,"column":8},"end":{"line":21,"column":19}},"5":{"start":{"line":23,"column":8},"end":{"line":35,"column":13}},"6":{"start":{"line":24,"column":12},"end":{"line":34,"column":13}},"7":{"start":{"line":25,"column":16},"end":{"line":28,"column":30}},"8":{"start":{"line":30,"column":16},"end":{"line":33,"column":27}},"9":{"start":{"line":37,"column":8},"end":{"line":39,"column":21}},"10":{"start":{"line":41,"column":8},"end":{"line":41,"column":54}},"11":{"start":{"line":43,"column":8},"end":{"line":43,"column":67}},"12":{"start":{"line":45,"column":8},"end":{"line":51,"column":9}},"13":{"start":{"line":46,"column":12},"end":{"line":46,"column":73}},"14":{"start":{"line":48,"column":12},"end":{"line":48,"column":35}},"15":{"start":{"line":49,"column":12},"end":{"line":49,"column":49}},"16":{"start":{"line":50,"column":12},"end":{"line":50,"column":43}}},"branchMap":{"1":{"line":25,"type":"binary-expr","locations":[{"start":{"line":25,"column":23},"end":{"line":25,"column":62}},{"start":{"line":26,"column":20},"end":{"line":26,"column":70}},{"start":{"line":27,"column":20},"end":{"line":27,"column":71}},{"start":{"line":28,"column":20},"end":{"line":28,"column":29}}]},"2":{"line":30,"type":"binary-expr","locations":[{"start":{"line":30,"column":23},"end":{"line":30,"column":37}},{"start":{"line":31,"column":20},"end":{"line":31,"column":61}},{"start":{"line":32,"column":20},"end":{"line":32,"column":70}},{"start":{"line":33,"column":20},"end":{"line":33,"column":26}}]},"3":{"line":37,"type":"cond-expr","locations":[{"start":{"line":38,"column":14},"end":{"line":38,"column":20}},{"start":{"line":39,"column":14},"end":{"line":39,"column":20}}]},"4":{"line":41,"type":"binary-expr","locations":[{"start":{"line":41,"column":16},"end":{"line":41,"column":44}},{"start":{"line":41,"column":48},"end":{"line":41,"column":53}}]},"5":{"line":45,"type":"if","locations":[{"start":{"line":45,"column":8},"end":{"line":45,"column":8}},{"start":{"line":45,"column":8},"end":{"line":45,"column":8}}]}},"code":["/* istanbul instrument in package npmtest_react_router_component */","/*jslint","    bitwise: true,","    browser: true,","    maxerr: 8,","    maxlen: 96,","    node: true,","    nomen: true,","    regexp: true,","    stupid: true","*/","(function () {","    'use strict';","    var local;","","","","    // run shared js-env code - pre-init","    (function () {","        // init local","        local = {};","        // init modeJs","        local.modeJs = (function () {","            try {","                return typeof navigator.userAgent === 'string' &&","                    typeof document.querySelector('body') === 'object' &&","                    typeof XMLHttpRequest.prototype.open === 'function' &&","                    'browser';","            } catch (errorCaughtBrowser) {","                return module.exports &&","                    typeof process.versions.node === 'string' &&","                    typeof require('http').createServer === 'function' &&","                    'node';","            }","        }());","        // init global","        local.global = local.modeJs === 'browser'","            ? window","            : global;","        // init utility2_rollup","        local = local.global.utility2_rollup || local;","        // init lib","        local.local = local.npmtest_react_router_component = local;","        // init exports","        if (local.modeJs === 'browser') {","            local.global.utility2_npmtest_react_router_component = local;","        } else {","            module.exports = local;","            module.exports.__dirname = __dirname;","            module.exports.module = module;","        }","    }());","}());",""],"l":{"12":2,"14":2,"19":2,"21":2,"23":2,"24":2,"25":2,"30":1,"37":2,"41":2,"43":2,"45":2,"46":1,"48":1,"49":1,"50":1}},"/home/travis/build/npmtest/node-npmtest-react-router-component/example.js":{"path":"/home/travis/build/npmtest/node-npmtest-react-router-component/example.js","s":{"1":2,"2":2,"3":2,"4":2,"5":2,"6":2,"7":2,"8":1,"9":2,"10":2,"11":2,"12":2,"13":1,"14":2,"15":2,"16":2,"17":2,"18":2,"19":0,"20":2,"21":1,"22":1,"23":1,"24":1,"25":1,"26":0,"27":0,"28":1,"29":1,"30":2,"31":0,"32":0,"33":0,"34":1,"35":2,"36":2,"37":3,"38":3,"39":3,"40":3,"41":0,"42":3,"43":3,"44":3,"45":1,"46":3,"47":1,"48":1,"49":1,"50":1,"51":1,"52":1,"53":1,"54":1,"55":1,"56":1,"57":0,"58":1,"59":6,"60":6,"61":1,"62":2,"63":0,"64":2,"65":1,"66":1,"67":0,"68":0,"69":0,"70":0,"71":0,"72":0,"73":0,"74":0,"75":0,"76":0,"77":0,"78":0,"79":0,"80":0,"81":0,"82":0,"83":0},"b":{"1":[2,1,1,1],"2":[1,1,1,1],"3":[1,1],"4":[2,2],"5":[1,1],"6":[1,1],"7":[2,0],"8":[2,1,1,1,1,1],"9":[0,2,0],"10":[1,1],"11":[2,1,1],"12":[1,0],"13":[0,2],"14":[2,0,0,0,0,0,0],"15":[0,3],"16":[3,0],"17":[1,1],"18":[0,1],"19":[1,2,0,2],"20":[1,0],"21":[1,1],"22":[0,0],"23":[0,0],"24":[0,0],"25":[0,0],"26":[0,0],"27":[0,0],"28":[0,0]},"f":{"1":2,"2":2,"3":2,"4":2,"5":2,"6":2,"7":3,"8":3,"9":3,"10":1,"11":6,"12":0},"fnMap":{"1":{"name":"(anonymous_1)","line":26,"loc":{"start":{"line":26,"column":1},"end":{"line":26,"column":13}}},"2":{"name":"(anonymous_2)","line":33,"loc":{"start":{"line":33,"column":5},"end":{"line":33,"column":17}}},"3":{"name":"(anonymous_3)","line":37,"loc":{"start":{"line":37,"column":24},"end":{"line":37,"column":36}}},"4":{"name":"(anonymous_4)","line":69,"loc":{"start":{"line":69,"column":31},"end":{"line":69,"column":48}},"skip":true},"5":{"name":"(anonymous_5)","line":78,"loc":{"start":{"line":78,"column":26},"end":{"line":78,"column":45}},"skip":true},"6":{"name":"(anonymous_6)","line":123,"loc":{"start":{"line":123,"column":33},"end":{"line":123,"column":48}},"skip":true},"7":{"name":"(anonymous_7)","line":125,"loc":{"start":{"line":125,"column":27},"end":{"line":125,"column":39}},"skip":true},"8":{"name":"(anonymous_8)","line":133,"loc":{"start":{"line":133,"column":59},"end":{"line":133,"column":74}},"skip":true},"9":{"name":"(anonymous_9)","line":143,"loc":{"start":{"line":143,"column":45},"end":{"line":143,"column":62}},"skip":true},"10":{"name":"(anonymous_10)","line":144,"loc":{"start":{"line":144,"column":73},"end":{"line":144,"column":92}},"skip":true},"11":{"name":"(anonymous_11)","line":272,"loc":{"start":{"line":272,"column":51},"end":{"line":272,"column":77}},"skip":true},"12":{"name":"(anonymous_12)","line":315,"loc":{"start":{"line":315,"column":32},"end":{"line":315,"column":61}},"skip":true}},"statementMap":{"1":{"start":{"line":26,"column":0},"end":{"line":326,"column":5}},"2":{"start":{"line":28,"column":4},"end":{"line":28,"column":14}},"3":{"start":{"line":33,"column":4},"end":{"line":60,"column":9}},"4":{"start":{"line":35,"column":8},"end":{"line":35,"column":19}},"5":{"start":{"line":37,"column":8},"end":{"line":49,"column":13}},"6":{"start":{"line":38,"column":12},"end":{"line":48,"column":13}},"7":{"start":{"line":39,"column":16},"end":{"line":42,"column":30}},"8":{"start":{"line":44,"column":16},"end":{"line":47,"column":27}},"9":{"start":{"line":51,"column":8},"end":{"line":53,"column":21}},"10":{"start":{"line":55,"column":8},"end":{"line":57,"column":45}},"11":{"start":{"line":59,"column":8},"end":{"line":59,"column":35}},"12":{"start":{"line":61,"column":4},"end":{"line":325,"column":5}},"13":{"start":{"line":69,"column":8},"end":{"line":121,"column":10},"skip":true},"14":{"start":{"line":70,"column":12},"end":{"line":88,"column":13},"skip":true},"15":{"start":{"line":76,"column":16},"end":{"line":87,"column":19},"skip":true},"16":{"start":{"line":79,"column":20},"end":{"line":86,"column":21},"skip":true},"17":{"start":{"line":82,"column":24},"end":{"line":82,"column":43},"skip":true},"18":{"start":{"line":83,"column":24},"end":{"line":83,"column":30},"skip":true},"19":{"start":{"line":85,"column":24},"end":{"line":85,"column":49},"skip":true},"20":{"start":{"line":89,"column":12},"end":{"line":107,"column":13},"skip":true},"21":{"start":{"line":92,"column":16},"end":{"line":102,"column":17},"skip":true},"22":{"start":{"line":93,"column":20},"end":{"line":93,"column":86},"skip":true},"23":{"start":{"line":94,"column":20},"end":{"line":95,"column":45},"skip":true},"24":{"start":{"line":96,"column":20},"end":{"line":96,"column":42},"skip":true},"25":{"start":{"line":97,"column":20},"end":{"line":97,"column":48},"skip":true},"26":{"start":{"line":100,"column":20},"end":{"line":100,"column":85},"skip":true},"27":{"start":{"line":101,"column":20},"end":{"line":101,"column":96},"skip":true},"28":{"start":{"line":103,"column":16},"end":{"line":103,"column":22},"skip":true},"29":{"start":{"line":106,"column":16},"end":{"line":106,"column":22},"skip":true},"30":{"start":{"line":108,"column":12},"end":{"line":120,"column":13},"skip":true},"31":{"start":{"line":114,"column":16},"end":{"line":119,"column":17},"skip":true},"32":{"start":{"line":116,"column":20},"end":{"line":116,"column":78},"skip":true},"33":{"start":{"line":118,"column":20},"end":{"line":118,"column":47},"skip":true},"34":{"start":{"line":123,"column":8},"end":{"line":141,"column":11},"skip":true},"35":{"start":{"line":124,"column":12},"end":{"line":124,"column":54},"skip":true},"36":{"start":{"line":125,"column":12},"end":{"line":140,"column":14},"skip":true},"37":{"start":{"line":126,"column":16},"end":{"line":126,"column":28},"skip":true},"38":{"start":{"line":127,"column":16},"end":{"line":127,"column":69},"skip":true},"39":{"start":{"line":128,"column":16},"end":{"line":128,"column":75},"skip":true},"40":{"start":{"line":129,"column":16},"end":{"line":131,"column":17},"skip":true},"41":{"start":{"line":130,"column":20},"end":{"line":130,"column":27},"skip":true},"42":{"start":{"line":133,"column":16},"end":{"line":137,"column":36},"skip":true},"43":{"start":{"line":134,"column":20},"end":{"line":136,"column":55},"skip":true},"44":{"start":{"line":139,"column":16},"end":{"line":139,"column":57},"skip":true},"45":{"start":{"line":143,"column":8},"end":{"line":147,"column":11},"skip":true},"46":{"start":{"line":144,"column":12},"end":{"line":146,"column":15},"skip":true},"47":{"start":{"line":145,"column":16},"end":{"line":145,"column":70},"skip":true},"48":{"start":{"line":149,"column":8},"end":{"line":149,"column":31},"skip":true},"49":{"start":{"line":150,"column":8},"end":{"line":150,"column":14},"skip":true},"50":{"start":{"line":158,"column":8},"end":{"line":158,"column":31},"skip":true},"51":{"start":{"line":160,"column":8},"end":{"line":160,"column":33},"skip":true},"52":{"start":{"line":161,"column":8},"end":{"line":161,"column":37},"skip":true},"53":{"start":{"line":162,"column":8},"end":{"line":162,"column":35},"skip":true},"54":{"start":{"line":164,"column":8},"end":{"line":164,"column":50},"skip":true},"55":{"start":{"line":166,"column":8},"end":{"line":256,"column":2},"skip":true},"56":{"start":{"line":258,"column":8},"end":{"line":286,"column":9},"skip":true},"57":{"start":{"line":259,"column":12},"end":{"line":269,"column":14},"skip":true},"58":{"start":{"line":271,"column":12},"end":{"line":285,"column":19},"skip":true},"59":{"start":{"line":274,"column":20},"end":{"line":274,"column":35},"skip":true},"60":{"start":{"line":275,"column":20},"end":{"line":284,"column":21},"skip":true},"61":{"start":{"line":277,"column":24},"end":{"line":277,"column":64},"skip":true},"62":{"start":{"line":279,"column":24},"end":{"line":279,"column":40},"skip":true},"63":{"start":{"line":281,"column":24},"end":{"line":281,"column":40},"skip":true},"64":{"start":{"line":283,"column":24},"end":{"line":283,"column":39},"skip":true},"65":{"start":{"line":288,"column":8},"end":{"line":290,"column":9},"skip":true},"66":{"start":{"line":289,"column":12},"end":{"line":289,"column":18},"skip":true},"67":{"start":{"line":291,"column":8},"end":{"line":293,"column":54},"skip":true},"68":{"start":{"line":296,"column":8},"end":{"line":301,"column":37},"skip":true},"69":{"start":{"line":303,"column":8},"end":{"line":303,"column":82},"skip":true},"70":{"start":{"line":306,"column":8},"end":{"line":308,"column":9},"skip":true},"71":{"start":{"line":307,"column":12},"end":{"line":307,"column":82},"skip":true},"72":{"start":{"line":310,"column":8},"end":{"line":312,"column":9},"skip":true},"73":{"start":{"line":311,"column":12},"end":{"line":311,"column":18},"skip":true},"74":{"start":{"line":313,"column":8},"end":{"line":313,"column":54},"skip":true},"75":{"start":{"line":314,"column":8},"end":{"line":314,"column":69},"skip":true},"76":{"start":{"line":315,"column":8},"end":{"line":323,"column":36},"skip":true},"77":{"start":{"line":316,"column":12},"end":{"line":316,"column":61},"skip":true},"78":{"start":{"line":317,"column":12},"end":{"line":320,"column":13},"skip":true},"79":{"start":{"line":318,"column":16},"end":{"line":318,"column":75},"skip":true},"80":{"start":{"line":319,"column":16},"end":{"line":319,"column":23},"skip":true},"81":{"start":{"line":321,"column":12},"end":{"line":321,"column":38},"skip":true},"82":{"start":{"line":322,"column":12},"end":{"line":322,"column":27},"skip":true},"83":{"start":{"line":324,"column":8},"end":{"line":324,"column":14},"skip":true}},"branchMap":{"1":{"line":39,"type":"binary-expr","locations":[{"start":{"line":39,"column":23},"end":{"line":39,"column":62}},{"start":{"line":40,"column":20},"end":{"line":40,"column":70}},{"start":{"line":41,"column":20},"end":{"line":41,"column":71}},{"start":{"line":42,"column":20},"end":{"line":42,"column":29}}]},"2":{"line":44,"type":"binary-expr","locations":[{"start":{"line":44,"column":23},"end":{"line":44,"column":37}},{"start":{"line":45,"column":20},"end":{"line":45,"column":61}},{"start":{"line":46,"column":20},"end":{"line":46,"column":70}},{"start":{"line":47,"column":20},"end":{"line":47,"column":26}}]},"3":{"line":51,"type":"cond-expr","locations":[{"start":{"line":52,"column":14},"end":{"line":52,"column":20}},{"start":{"line":53,"column":14},"end":{"line":53,"column":20}}]},"4":{"line":55,"type":"binary-expr","locations":[{"start":{"line":55,"column":16},"end":{"line":55,"column":44}},{"start":{"line":55,"column":49},"end":{"line":57,"column":43}}]},"5":{"line":55,"type":"cond-expr","locations":[{"start":{"line":56,"column":14},"end":{"line":56,"column":66}},{"start":{"line":57,"column":14},"end":{"line":57,"column":43}}]},"6":{"line":61,"type":"switch","locations":[{"start":{"line":68,"column":4},"end":{"line":150,"column":14},"skip":true},{"start":{"line":156,"column":4},"end":{"line":324,"column":14},"skip":true}]},"7":{"line":70,"type":"if","locations":[{"start":{"line":70,"column":12},"end":{"line":70,"column":12},"skip":true},{"start":{"line":70,"column":12},"end":{"line":70,"column":12},"skip":true}]},"8":{"line":70,"type":"binary-expr","locations":[{"start":{"line":70,"column":16},"end":{"line":70,"column":22},"skip":true},{"start":{"line":70,"column":27},"end":{"line":70,"column":32},"skip":true},{"start":{"line":71,"column":20},"end":{"line":71,"column":39},"skip":true},{"start":{"line":72,"column":20},"end":{"line":72,"column":49},"skip":true},{"start":{"line":73,"column":20},"end":{"line":73,"column":58},"skip":true},{"start":{"line":74,"column":20},"end":{"line":74,"column":69},"skip":true}]},"9":{"line":79,"type":"switch","locations":[{"start":{"line":80,"column":20},"end":{"line":80,"column":33},"skip":true},{"start":{"line":81,"column":20},"end":{"line":83,"column":30},"skip":true},{"start":{"line":84,"column":20},"end":{"line":85,"column":49},"skip":true}]},"10":{"line":89,"type":"switch","locations":[{"start":{"line":90,"column":12},"end":{"line":103,"column":22},"skip":true},{"start":{"line":105,"column":12},"end":{"line":106,"column":22},"skip":true}]},"11":{"line":89,"type":"binary-expr","locations":[{"start":{"line":89,"column":20},"end":{"line":89,"column":25},"skip":true},{"start":{"line":89,"column":29},"end":{"line":89,"column":48},"skip":true},{"start":{"line":89,"column":52},"end":{"line":89,"column":74},"skip":true}]},"12":{"line":92,"type":"if","locations":[{"start":{"line":92,"column":16},"end":{"line":92,"column":16},"skip":true},{"start":{"line":92,"column":16},"end":{"line":92,"column":16},"skip":true}]},"13":{"line":108,"type":"if","locations":[{"start":{"line":108,"column":12},"end":{"line":108,"column":12},"skip":true},{"start":{"line":108,"column":12},"end":{"line":108,"column":12},"skip":true}]},"14":{"line":108,"type":"binary-expr","locations":[{"start":{"line":108,"column":16},"end":{"line":108,"column":61},"skip":true},{"start":{"line":108,"column":66},"end":{"line":108,"column":72},"skip":true},{"start":{"line":108,"column":77},"end":{"line":108,"column":82},"skip":true},{"start":{"line":109,"column":20},"end":{"line":109,"column":39},"skip":true},{"start":{"line":110,"column":20},"end":{"line":110,"column":49},"skip":true},{"start":{"line":111,"column":20},"end":{"line":111,"column":58},"skip":true},{"start":{"line":112,"column":20},"end":{"line":112,"column":68},"skip":true}]},"15":{"line":129,"type":"if","locations":[{"start":{"line":129,"column":16},"end":{"line":129,"column":16},"skip":true},{"start":{"line":129,"column":16},"end":{"line":129,"column":16},"skip":true}]},"16":{"line":134,"type":"cond-expr","locations":[{"start":{"line":135,"column":26},"end":{"line":135,"column":29},"skip":true},{"start":{"line":136,"column":26},"end":{"line":136,"column":54},"skip":true}]},"17":{"line":164,"type":"binary-expr","locations":[{"start":{"line":164,"column":27},"end":{"line":164,"column":43},"skip":true},{"start":{"line":164,"column":47},"end":{"line":164,"column":49},"skip":true}]},"18":{"line":258,"type":"if","locations":[{"start":{"line":258,"column":8},"end":{"line":258,"column":8},"skip":true},{"start":{"line":258,"column":8},"end":{"line":258,"column":8},"skip":true}]},"19":{"line":275,"type":"switch","locations":[{"start":{"line":276,"column":20},"end":{"line":277,"column":64},"skip":true},{"start":{"line":278,"column":20},"end":{"line":279,"column":40},"skip":true},{"start":{"line":280,"column":20},"end":{"line":281,"column":40},"skip":true},{"start":{"line":282,"column":20},"end":{"line":283,"column":39},"skip":true}]},"20":{"line":288,"type":"if","locations":[{"start":{"line":288,"column":8},"end":{"line":288,"column":8},"skip":true},{"start":{"line":288,"column":8},"end":{"line":288,"column":8},"skip":true}]},"21":{"line":288,"type":"binary-expr","locations":[{"start":{"line":288,"column":12},"end":{"line":288,"column":40},"skip":true},{"start":{"line":288,"column":44},"end":{"line":288,"column":67},"skip":true}]},"22":{"line":292,"type":"binary-expr","locations":[{"start":{"line":292,"column":12},"end":{"line":292,"column":50},"skip":true},{"start":{"line":293,"column":12},"end":{"line":293,"column":53},"skip":true}]},"23":{"line":297,"type":"binary-expr","locations":[{"start":{"line":297,"column":12},"end":{"line":297,"column":80},"skip":true},{"start":{"line":298,"column":12},"end":{"line":301,"column":36},"skip":true}]},"24":{"line":303,"type":"binary-expr","locations":[{"start":{"line":303,"column":43},"end":{"line":303,"column":75},"skip":true},{"start":{"line":303,"column":79},"end":{"line":303,"column":81},"skip":true}]},"25":{"line":306,"type":"if","locations":[{"start":{"line":306,"column":8},"end":{"line":306,"column":8},"skip":true},{"start":{"line":306,"column":8},"end":{"line":306,"column":8},"skip":true}]},"26":{"line":310,"type":"if","locations":[{"start":{"line":310,"column":8},"end":{"line":310,"column":8},"skip":true},{"start":{"line":310,"column":8},"end":{"line":310,"column":8},"skip":true}]},"27":{"line":313,"type":"binary-expr","locations":[{"start":{"line":313,"column":27},"end":{"line":313,"column":43},"skip":true},{"start":{"line":313,"column":47},"end":{"line":313,"column":53},"skip":true}]},"28":{"line":317,"type":"if","locations":[{"start":{"line":317,"column":12},"end":{"line":317,"column":12},"skip":true},{"start":{"line":317,"column":12},"end":{"line":317,"column":12},"skip":true}]}},"code":["/*","example.js","","quickstart example","","instruction","    1. save this script as example.js","    2. run the shell command:","        $ npm install npmtest-react-router-component && PORT=8081 node example.js","    3. play with the browser-demo on http://127.0.0.1:8081","*/","","","","/* istanbul instrument in package npmtest_react_router_component */","/*jslint","    bitwise: true,","    browser: true,","    maxerr: 8,","    maxlen: 96,","    node: true,","    nomen: true,","    regexp: true,","    stupid: true","*/","(function () {","    'use strict';","    var local;","","","","    // run shared js-env code - pre-init","    (function () {","        // init local","        local = {};","        // init modeJs","        local.modeJs = (function () {","            try {","                return typeof navigator.userAgent === 'string' &&","                    typeof document.querySelector('body') === 'object' &&","                    typeof XMLHttpRequest.prototype.open === 'function' &&","                    'browser';","            } catch (errorCaughtBrowser) {","                return module.exports &&","                    typeof process.versions.node === 'string' &&","                    typeof require('http').createServer === 'function' &&","                    'node';","            }","        }());","        // init global","        local.global = local.modeJs === 'browser'","            ? window","            : global;","        // init utility2_rollup","        local = local.global.utility2_rollup || (local.modeJs === 'browser'","            ? local.global.utility2_npmtest_react_router_component","            : global.utility2_moduleExports);","        // export local","        local.global.local = local;","    }());","    switch (local.modeJs) {","","","","    // post-init","    // run browser js-env code - post-init","    /* istanbul ignore next */","    case 'browser':","        local.testRunBrowser = function (event) {","            if (!event || (event &&","                    event.currentTarget &&","                    event.currentTarget.className &&","                    event.currentTarget.className.includes &&","                    event.currentTarget.className.includes('onreset'))) {","                // reset output","                Array.from(","                    document.querySelectorAll('body > .resettable')","                ).forEach(function (element) {","                    switch (element.tagName) {","                    case 'INPUT':","                    case 'TEXTAREA':","                        element.value = '';","                        break;","                    default:","                        element.textContent = '';","                    }","                });","            }","            switch (event && event.currentTarget && event.currentTarget.id) {","            case 'testRunButton1':","                // show tests","                if (document.querySelector('#testReportDiv1').style.display === 'none') {","                    document.querySelector('#testReportDiv1').style.display = 'block';","                    document.querySelector('#testRunButton1').textContent =","                        'hide internal test';","                    local.modeTest = true;","                    local.testRunDefault(local);","                // hide tests","                } else {","                    document.querySelector('#testReportDiv1').style.display = 'none';","                    document.querySelector('#testRunButton1').textContent = 'run internal test';","                }","                break;","            // custom-case","            default:","                break;","            }","            if (document.querySelector('#inputTextareaEval1') && (!event || (event &&","                    event.currentTarget &&","                    event.currentTarget.className &&","                    event.currentTarget.className.includes &&","                    event.currentTarget.className.includes('oneval')))) {","                // try to eval input-code","                try {","                    /*jslint evil: true*/","                    eval(document.querySelector('#inputTextareaEval1').value);","                } catch (errorCaught) {","                    console.error(errorCaught);","                }","            }","        };","        // log stderr and stdout to #outputTextareaStdout1","        ['error', 'log'].forEach(function (key) {","            console[key + '_original'] = console[key];","            console[key] = function () {","                var element;","                console[key + '_original'].apply(console, arguments);","                element = document.querySelector('#outputTextareaStdout1');","                if (!element) {","                    return;","                }","                // append text to #outputTextareaStdout1","                element.value += Array.from(arguments).map(function (arg) {","                    return typeof arg === 'string'","                        ? arg","                        : JSON.stringify(arg, null, 4);","                }).join(' ') + '\\n';","                // scroll textarea to bottom","                element.scrollTop = element.scrollHeight;","            };","        });","        // init event-handling","        ['change', 'click', 'keyup'].forEach(function (event) {","            Array.from(document.querySelectorAll('.on' + event)).forEach(function (element) {","                element.addEventListener(event, local.testRunBrowser);","            });","        });","        // run tests","        local.testRunBrowser();","        break;","","","","    // run node js-env code - post-init","    /* istanbul ignore next */","    case 'node':","        // export local","        module.exports = local;","        // require modules","        local.fs = require('fs');","        local.http = require('http');","        local.url = require('url');","        // init assets","        local.assetsDict = local.assetsDict || {};","        /* jslint-ignore-begin */","        local.assetsDict['/assets.index.template.html'] = '\\","<!doctype html>\\n\\","<html lang=\"en\">\\n\\","<head>\\n\\","<meta charset=\"UTF-8\">\\n\\","<meta name=\"viewport\" content=\"width=device-width, initial-scale=1\">\\n\\","<title>{{env.npm_package_name}} (v{{env.npm_package_version}})</title>\\n\\","<style>\\n\\","/*csslint\\n\\","    box-sizing: false,\\n\\","    universal-selector: false\\n\\","*/\\n\\","* {\\n\\","    box-sizing: border-box;\\n\\","}\\n\\","body {\\n\\","    background: #dde;\\n\\","    font-family: Arial, Helvetica, sans-serif;\\n\\","    margin: 2rem;\\n\\","}\\n\\","body > * {\\n\\","    margin-bottom: 1rem;\\n\\","}\\n\\",".utility2FooterDiv {\\n\\","    margin-top: 20px;\\n\\","    text-align: center;\\n\\","}\\n\\","</style>\\n\\","<style>\\n\\","/*csslint\\n\\","*/\\n\\","textarea {\\n\\","    font-family: monospace;\\n\\","    height: 10rem;\\n\\","    width: 100%;\\n\\","}\\n\\","textarea[readonly] {\\n\\","    background: #ddd;\\n\\","}\\n\\","</style>\\n\\","</head>\\n\\","<body>\\n\\","<!-- utility2-comment\\n\\","<div id=\"ajaxProgressDiv1\" style=\"background: #d00; height: 2px; left: 0; margin: 0; padding: 0; position: fixed; top: 0; transition: background 0.5s, width 1.5s; width: 25%;\"></div>\\n\\","utility2-comment -->\\n\\","<h1>\\n\\","<!-- utility2-comment\\n\\","    <a\\n\\","        {{#if env.npm_package_homepage}}\\n\\","        href=\"{{env.npm_package_homepage}}\"\\n\\","        {{/if env.npm_package_homepage}}\\n\\","        target=\"_blank\"\\n\\","    >\\n\\","utility2-comment -->\\n\\","        {{env.npm_package_name}} (v{{env.npm_package_version}})\\n\\","<!-- utility2-comment\\n\\","    </a>\\n\\","utility2-comment -->\\n\\","</h1>\\n\\","<h3>{{env.npm_package_description}}</h3>\\n\\","<!-- utility2-comment\\n\\","<h4><a download href=\"assets.app.js\">download standalone app</a></h4>\\n\\","<button class=\"onclick onreset\" id=\"testRunButton1\">run internal test</button><br>\\n\\","<div id=\"testReportDiv1\" style=\"display: none;\"></div>\\n\\","utility2-comment -->\\n\\","\\n\\","\\n\\","\\n\\","<label>stderr and stdout</label>\\n\\","<textarea class=\"resettable\" id=\"outputTextareaStdout1\" readonly></textarea>\\n\\","<!-- utility2-comment\\n\\","{{#if isRollup}}\\n\\","<script src=\"assets.app.js\"></script>\\n\\","{{#unless isRollup}}\\n\\","utility2-comment -->\\n\\","<script src=\"assets.utility2.rollup.js\"></script>\\n\\","<script src=\"jsonp.utility2._stateInit?callback=window.utility2._stateInit\"></script>\\n\\","<script src=\"assets.npmtest_react_router_component.rollup.js\"></script>\\n\\","<script src=\"assets.example.js\"></script>\\n\\","<script src=\"assets.test.js\"></script>\\n\\","<!-- utility2-comment\\n\\","{{/if isRollup}}\\n\\","utility2-comment -->\\n\\","<div class=\"utility2FooterDiv\">\\n\\","    [ this app was created with\\n\\","    <a href=\"https://github.com/kaizhu256/node-utility2\" target=\"_blank\">utility2</a>\\n\\","    ]\\n\\","</div>\\n\\","</body>\\n\\","</html>\\n\\","';","        /* jslint-ignore-end */","        if (local.templateRender) {","            local.assetsDict['/'] = local.templateRender(","                local.assetsDict['/assets.index.template.html'],","                {","                    env: local.objectSetDefault(local.env, {","                        npm_package_description: 'the greatest app in the world!',","                        npm_package_name: 'my-app',","                        npm_package_nameAlias: 'my_app',","                        npm_package_version: '0.0.1'","                    })","                }","            );","        } else {","            local.assetsDict['/'] = local.assetsDict['/assets.index.template.html']","                .replace((/\\{\\{env\\.(\\w+?)\\}\\}/g), function (match0, match1) {","                    // jslint-hack","                    String(match0);","                    switch (match1) {","                    case 'npm_package_description':","                        return 'the greatest app in the world!';","                    case 'npm_package_name':","                        return 'my-app';","                    case 'npm_package_nameAlias':","                        return 'my_app';","                    case 'npm_package_version':","                        return '0.0.1';","                    }","                });","        }","        // run the cli","        if (local.global.utility2_rollup || module !== require.main) {","            break;","        }","        local.assetsDict['/assets.example.js'] =","            local.assetsDict['/assets.example.js'] ||","            local.fs.readFileSync(__filename, 'utf8');","        // bug-workaround - long $npm_package_buildCustomOrg","        /* jslint-ignore-begin */","        local.assetsDict['/assets.npmtest_react_router_component.rollup.js'] =","            local.assetsDict['/assets.npmtest_react_router_component.rollup.js'] ||","            local.fs.readFileSync(","                local.npmtest_react_router_component.__dirname + '/lib.npmtest_react_router_component.js',","                'utf8'","            ).replace((/^#!/), '//');","        /* jslint-ignore-end */","        local.assetsDict['/favicon.ico'] = local.assetsDict['/favicon.ico'] || '';","        // if $npm_config_timeout_exit exists,","        // then exit this process after $npm_config_timeout_exit ms","        if (Number(process.env.npm_config_timeout_exit)) {","            setTimeout(process.exit, Number(process.env.npm_config_timeout_exit));","        }","        // start server","        if (local.global.utility2_serverHttp1) {","            break;","        }","        process.env.PORT = process.env.PORT || '8081';","        console.error('server starting on port ' + process.env.PORT);","        local.http.createServer(function (request, response) {","            request.urlParsed = local.url.parse(request.url);","            if (local.assetsDict[request.urlParsed.pathname] !== undefined) {","                response.end(local.assetsDict[request.urlParsed.pathname]);","                return;","            }","            response.statusCode = 404;","            response.end();","        }).listen(process.env.PORT);","        break;","    }","}());",""],"l":{"26":2,"28":2,"33":2,"35":2,"37":2,"38":2,"39":2,"44":1,"51":2,"55":2,"59":2,"61":2,"69":1,"70":2,"76":2,"79":2,"82":2,"83":2,"85":1,"89":2,"92":1,"93":1,"94":1,"96":1,"97":1,"100":1,"101":1,"103":1,"106":1,"108":2,"114":1,"116":1,"118":1,"123":1,"124":2,"125":2,"126":3,"127":3,"128":3,"129":3,"130":1,"133":3,"134":3,"139":3,"143":1,"144":3,"145":1,"149":1,"150":1,"158":1,"160":1,"161":1,"162":1,"164":1,"166":1,"258":1,"259":1,"271":1,"274":6,"275":6,"277":1,"279":2,"281":1,"283":2,"288":1,"289":1,"291":1,"296":1,"303":1,"306":1,"307":1,"310":1,"311":1,"313":1,"314":1,"315":1,"316":1,"317":1,"318":1,"319":1,"321":1,"322":1,"324":1}},"/home/travis/build/npmtest/node-npmtest-react-router-component/node_modules/react-router-component/index.js":{"path":"/home/travis/build/npmtest/node-npmtest-react-router-component/node_modules/react-router-component/index.js","s":{"1":1,"2":1,"3":1,"4":1,"5":1,"6":1,"7":1,"8":1,"9":1,"10":1,"11":1},"b":{},"f":{},"fnMap":{},"statementMap":{"1":{"start":{"line":3,"column":0},"end":{"line":3,"column":56}},"2":{"start":{"line":4,"column":0},"end":{"line":4,"column":55}},"3":{"start":{"line":5,"column":0},"end":{"line":5,"column":54}},"4":{"start":{"line":7,"column":0},"end":{"line":7,"column":61}},"5":{"start":{"line":8,"column":0},"end":{"line":8,"column":69}},"6":{"start":{"line":10,"column":0},"end":{"line":10,"column":66}},"7":{"start":{"line":12,"column":0},"end":{"line":12,"column":61}},"8":{"start":{"line":14,"column":0},"end":{"line":14,"column":63}},"9":{"start":{"line":16,"column":0},"end":{"line":16,"column":55}},"10":{"start":{"line":18,"column":0},"end":{"line":35,"column":2}},"11":{"start":{"line":37,"column":0},"end":{"line":37,"column":31}}},"branchMap":{},"code":["\"use strict\";","","var Router                    = require('./lib/Router');","var Route                     = require('./lib/Route');","var Link                      = require('./lib/Link');","","var RouterMixin               = require('./lib/RouterMixin');","var RouteRenderingMixin       = require('./lib/RouteRenderingMixin');","","var NavigatableMixin          = require('./lib/NavigatableMixin');","","var environment               = require('./lib/environment');","","var CaptureClicks             = require('./lib/CaptureClicks');","","var URLPattern                = require('url-pattern');","","var exportsObject = {","  Locations: Router.Locations,","  Pages: Router.Pages,","","  Location: Route.Route,","  Page: Route.Route,","  NotFound: Route.NotFound,","","  Link: Link,","","  environment: environment,","","  RouterMixin: RouterMixin,","  RouteRenderingMixin: RouteRenderingMixin,","","  NavigatableMixin: NavigatableMixin,","  CaptureClicks: CaptureClicks","};","","module.exports = exportsObject;",""],"l":{"3":1,"4":1,"5":1,"7":1,"8":1,"10":1,"12":1,"14":1,"16":1,"18":1,"37":1}},"/home/travis/build/npmtest/node-npmtest-react-router-component/node_modules/react-router-component/lib/Router.js":{"path":"/home/travis/build/npmtest/node-npmtest-react-router-component/node_modules/react-router-component/lib/Router.js","s":{"1":1,"2":1,"3":1,"4":1,"5":1,"6":1,"7":1,"8":2,"9":0,"10":2,"11":0,"12":0,"13":0,"14":0,"15":0,"16":0,"17":1},"b":{"1":[1,0],"2":[0,0]},"f":{"1":2,"2":0,"3":2,"4":0},"fnMap":{"1":{"name":"createRouter","line":20,"loc":{"start":{"line":20,"column":0},"end":{"line":20,"column":39}}},"2":{"name":"(anonymous_2)","line":36,"loc":{"start":{"line":36,"column":15},"end":{"line":36,"column":31}}},"3":{"name":"(anonymous_3)","line":40,"loc":{"start":{"line":40,"column":21},"end":{"line":40,"column":32}}},"4":{"name":"(anonymous_4)","line":46,"loc":{"start":{"line":46,"column":12},"end":{"line":46,"column":23}}}},"statementMap":{"1":{"start":{"line":3,"column":0},"end":{"line":3,"column":49}},"2":{"start":{"line":4,"column":0},"end":{"line":4,"column":57}},"3":{"start":{"line":5,"column":0},"end":{"line":5,"column":65}},"4":{"start":{"line":6,"column":0},"end":{"line":6,"column":74}},"5":{"start":{"line":7,"column":0},"end":{"line":7,"column":55}},"6":{"start":{"line":10,"column":0},"end":{"line":12,"column":54}},"7":{"start":{"line":20,"column":0},"end":{"line":61,"column":1}},"8":{"start":{"line":22,"column":2},"end":{"line":60,"column":5}},"9":{"start":{"line":37,"column":6},"end":{"line":37,"column":28}},"10":{"start":{"line":41,"column":6},"end":{"line":43,"column":8}},"11":{"start":{"line":48,"column":6},"end":{"line":48,"column":46}},"12":{"start":{"line":50,"column":6},"end":{"line":58,"column":7}},"13":{"start":{"line":51,"column":8},"end":{"line":51,"column":23}},"14":{"start":{"line":55,"column":8},"end":{"line":55,"column":43}},"15":{"start":{"line":56,"column":8},"end":{"line":56,"column":39}},"16":{"start":{"line":57,"column":8},"end":{"line":57,"column":73}},"17":{"start":{"line":63,"column":0},"end":{"line":67,"column":2}}},"branchMap":{"1":{"line":6,"type":"binary-expr","locations":[{"start":{"line":6,"column":32},"end":{"line":6,"column":45}},{"start":{"line":6,"column":49},"end":{"line":6,"column":73}}]},"2":{"line":50,"type":"if","locations":[{"start":{"line":50,"column":6},"end":{"line":50,"column":6}},{"start":{"line":50,"column":6},"end":{"line":50,"column":6}}]}},"code":["\"use strict\";","","var React                     = require('react');","var RouterMixin               = require('./RouterMixin');","var RouteRenderingMixin       = require('./RouteRenderingMixin');","var assign                    = Object.assign || require('object-assign');","var omit                      = require('object.omit');","","// These are keys to omit - useful for preventing 15.2.0 warning regarding unknown props on DOM els","var PROP_KEYS = ['component']","  .concat(Object.keys(RouterMixin.propTypes))","  .concat(Object.keys(RouteRenderingMixin.propTypes));","","/**"," * Create a new router class"," *"," * @param {String} name"," * @param {ReactComponent} component"," */","function createRouter(name, component) {","","  return React.createClass({","","    mixins: [RouterMixin, RouteRenderingMixin],","","    displayName: name,","","    propTypes: {","      component: React.PropTypes.oneOfType([","        React.PropTypes.string,","        React.PropTypes.element,","        React.PropTypes.func","      ])","    },","","    getRoutes: function(props) {","      return props.children;","    },","","    getDefaultProps: function() {","      return {","        component: component","      };","    },","","    render: function() {","      // Render the Route's handler.","      var handler = this.renderRouteHandler();","","      if (!this.props.component) {","        return handler;","      } else {","        // Pass all props except this component to the Router (containing div/body) and the children,","        // which are swapped out by the route handler.","        var props = assign({}, this.props);","        props = omit(props, PROP_KEYS);","        return React.createElement(this.props.component, props, handler);","      }","    }","  });","}","","module.exports = {","  createRouter: createRouter,","  Locations: createRouter('Locations', 'div'),","  Pages: createRouter('Pages', 'body')","};",""],"l":{"3":1,"4":1,"5":1,"6":1,"7":1,"10":1,"20":1,"22":2,"37":0,"41":2,"48":0,"50":0,"51":0,"55":0,"56":0,"57":0,"63":1}},"/home/travis/build/npmtest/node-npmtest-react-router-component/node_modules/react-router-component/lib/RouterMixin.js":{"path":"/home/travis/build/npmtest/node-npmtest-react-router-component/node_modules/react-router-component/lib/RouterMixin.js","s":{"1":1,"2":1,"3":1,"4":1,"5":1,"6":1,"7":1,"8":0,"9":0,"10":0,"11":0,"12":0,"13":0,"14":0,"15":0,"16":0,"17":0,"18":0,"19":0,"20":0,"21":0,"22":0,"23":0,"24":0,"25":0,"26":0,"27":0,"28":0,"29":0,"30":0,"31":0,"32":0,"33":0,"34":0,"35":0,"36":0,"37":0,"38":0,"39":0,"40":0,"41":0,"42":0,"43":0,"44":0,"45":0,"46":0,"47":0,"48":0,"49":0,"50":0,"51":0,"52":0,"53":0,"54":0,"55":0,"56":0,"57":0,"58":0,"59":0,"60":0,"61":0,"62":0,"63":0,"64":1,"65":0,"66":1,"67":0,"68":1},"b":{"1":[1,0],"2":[0,0],"3":[0,0],"4":[0,0],"5":[0,0],"6":[0,0,0],"7":[0,0,0],"8":[0,0],"9":[0,0],"10":[0,0],"11":[0,0],"12":[0,0],"13":[0,0],"14":[0,0],"15":[0,0],"16":[0,0],"17":[0,0],"18":[0,0],"19":[0,0],"20":[0,0],"21":[0,0],"22":[0,0],"23":[0,0]},"f":{"1":0,"2":0,"3":0,"4":0,"5":0,"6":0,"7":0,"8":0,"9":0,"10":0,"11":0,"12":0,"13":0,"14":0,"15":0,"16":0},"fnMap":{"1":{"name":"(anonymous_1)","line":33,"loc":{"start":{"line":33,"column":19},"end":{"line":33,"column":30}}},"2":{"name":"(anonymous_2)","line":43,"loc":{"start":{"line":43,"column":19},"end":{"line":43,"column":30}}},"3":{"name":"(anonymous_3)","line":47,"loc":{"start":{"line":47,"column":29},"end":{"line":47,"column":49}}},"4":{"name":"(anonymous_4)","line":54,"loc":{"start":{"line":54,"column":18},"end":{"line":54,"column":34}}},"5":{"name":"(anonymous_5)","line":103,"loc":{"start":{"line":103,"column":18},"end":{"line":103,"column":29}}},"6":{"name":"(anonymous_6)","line":119,"loc":{"start":{"line":119,"column":19},"end":{"line":119,"column":30}}},"7":{"name":"(anonymous_7)","line":133,"loc":{"start":{"line":133,"column":12},"end":{"line":133,"column":23}}},"8":{"name":"(anonymous_8)","line":137,"loc":{"start":{"line":137,"column":24},"end":{"line":137,"column":35}}},"9":{"name":"(anonymous_9)","line":150,"loc":{"start":{"line":150,"column":12},"end":{"line":150,"column":27}}},"10":{"name":"(anonymous_10)","line":161,"loc":{"start":{"line":161,"column":12},"end":{"line":161,"column":43}}},"11":{"name":"(anonymous_11)","line":177,"loc":{"start":{"line":177,"column":11},"end":{"line":177,"column":42}}},"12":{"name":"(anonymous_12)","line":191,"loc":{"start":{"line":191,"column":40},"end":{"line":191,"column":51}}},"13":{"name":"(anonymous_13)","line":202,"loc":{"start":{"line":202,"column":11},"end":{"line":202,"column":23}}},"14":{"name":"(anonymous_14)","line":210,"loc":{"start":{"line":210,"column":27},"end":{"line":210,"column":47}}},"15":{"name":"join","line":223,"loc":{"start":{"line":223,"column":0},"end":{"line":223,"column":20}}},"16":{"name":"isString","line":227,"loc":{"start":{"line":227,"column":0},"end":{"line":227,"column":21}}}},"statementMap":{"1":{"start":{"line":3,"column":0},"end":{"line":3,"column":37}},"2":{"start":{"line":4,"column":0},"end":{"line":4,"column":48}},"3":{"start":{"line":5,"column":0},"end":{"line":5,"column":62}},"4":{"start":{"line":6,"column":0},"end":{"line":6,"column":45}},"5":{"start":{"line":7,"column":0},"end":{"line":7,"column":45}},"6":{"start":{"line":8,"column":0},"end":{"line":8,"column":48}},"7":{"start":{"line":10,"column":0},"end":{"line":221,"column":2}},"8":{"start":{"line":34,"column":4},"end":{"line":36,"column":6}},"9":{"start":{"line":44,"column":4},"end":{"line":44,"column":43}},"10":{"start":{"line":48,"column":4},"end":{"line":51,"column":5}},"11":{"start":{"line":49,"column":6},"end":{"line":49,"column":53}},"12":{"start":{"line":50,"column":6},"end":{"line":50,"column":46}},"13":{"start":{"line":55,"column":4},"end":{"line":55,"column":13}},"14":{"start":{"line":56,"column":4},"end":{"line":56,"column":15}},"15":{"start":{"line":58,"column":4},"end":{"line":58,"column":60}},"16":{"start":{"line":60,"column":4},"end":{"line":85,"column":5}},"17":{"start":{"line":63,"column":6},"end":{"line":63,"column":66}},"18":{"start":{"line":65,"column":6},"end":{"line":70,"column":8}},"19":{"start":{"line":72,"column":6},"end":{"line":72,"column":60}},"20":{"start":{"line":73,"column":6},"end":{"line":73,"column":61}},"21":{"start":{"line":76,"column":6},"end":{"line":76,"column":59}},"22":{"start":{"line":78,"column":6},"end":{"line":82,"column":8}},"23":{"start":{"line":84,"column":6},"end":{"line":84,"column":18}},"24":{"start":{"line":87,"column":4},"end":{"line":89,"column":5}},"25":{"start":{"line":88,"column":6},"end":{"line":88,"column":24}},"26":{"start":{"line":91,"column":4},"end":{"line":91,"column":86}},"27":{"start":{"line":93,"column":4},"end":{"line":100,"column":6}},"28":{"start":{"line":104,"column":4},"end":{"line":106,"column":5}},"29":{"start":{"line":105,"column":6},"end":{"line":105,"column":36}},"30":{"start":{"line":107,"column":4},"end":{"line":109,"column":5}},"31":{"start":{"line":108,"column":6},"end":{"line":108,"column":41}},"32":{"start":{"line":110,"column":4},"end":{"line":112,"column":5}},"33":{"start":{"line":111,"column":6},"end":{"line":111,"column":50}},"34":{"start":{"line":113,"column":4},"end":{"line":113,"column":42}},"35":{"start":{"line":120,"column":4},"end":{"line":120,"column":38}},"36":{"start":{"line":121,"column":4},"end":{"line":121,"column":44}},"37":{"start":{"line":123,"column":4},"end":{"line":127,"column":5}},"38":{"start":{"line":124,"column":6},"end":{"line":126,"column":7}},"39":{"start":{"line":125,"column":8},"end":{"line":125,"column":23}},"40":{"start":{"line":134,"column":4},"end":{"line":134,"column":28}},"41":{"start":{"line":138,"column":4},"end":{"line":138,"column":40}},"42":{"start":{"line":139,"column":4},"end":{"line":139,"column":64}},"43":{"start":{"line":141,"column":4},"end":{"line":143,"column":5}},"44":{"start":{"line":142,"column":6},"end":{"line":142,"column":69}},"45":{"start":{"line":144,"column":4},"end":{"line":144,"column":40}},"46":{"start":{"line":151,"column":4},"end":{"line":151,"column":41}},"47":{"start":{"line":162,"column":4},"end":{"line":162,"column":41}},"48":{"start":{"line":163,"column":4},"end":{"line":163,"column":56}},"49":{"start":{"line":178,"column":4},"end":{"line":178,"column":48}},"50":{"start":{"line":179,"column":4},"end":{"line":179,"column":34}},"51":{"start":{"line":181,"column":4},"end":{"line":184,"column":5}},"52":{"start":{"line":183,"column":6},"end":{"line":183,"column":13}},"53":{"start":{"line":186,"column":4},"end":{"line":189,"column":5}},"54":{"start":{"line":188,"column":6},"end":{"line":188,"column":13}},"55":{"start":{"line":191,"column":4},"end":{"line":196,"column":18}},"56":{"start":{"line":192,"column":6},"end":{"line":194,"column":7}},"57":{"start":{"line":193,"column":8},"end":{"line":193,"column":69}},"58":{"start":{"line":195,"column":6},"end":{"line":195,"column":11}},"59":{"start":{"line":203,"column":4},"end":{"line":203,"column":33}},"60":{"start":{"line":212,"column":4},"end":{"line":212,"column":37}},"61":{"start":{"line":214,"column":4},"end":{"line":218,"column":5}},"62":{"start":{"line":215,"column":6},"end":{"line":215,"column":38}},"63":{"start":{"line":217,"column":6},"end":{"line":217,"column":31}},"64":{"start":{"line":223,"column":0},"end":{"line":225,"column":1}},"65":{"start":{"line":224,"column":2},"end":{"line":224,"column":39}},"66":{"start":{"line":227,"column":0},"end":{"line":229,"column":1}},"67":{"start":{"line":228,"column":2},"end":{"line":228,"column":65}},"68":{"start":{"line":231,"column":0},"end":{"line":231,"column":29}}},"branchMap":{"1":{"line":5,"type":"binary-expr","locations":[{"start":{"line":5,"column":20},"end":{"line":5,"column":33}},{"start":{"line":5,"column":37},"end":{"line":5,"column":61}}]},"2":{"line":48,"type":"if","locations":[{"start":{"line":48,"column":4},"end":{"line":48,"column":4}},{"start":{"line":48,"column":4},"end":{"line":48,"column":4}}]},"3":{"line":58,"type":"binary-expr","locations":[{"start":{"line":58,"column":17},"end":{"line":58,"column":33}},{"start":{"line":58,"column":37},"end":{"line":58,"column":59}}]},"4":{"line":60,"type":"if","locations":[{"start":{"line":60,"column":4},"end":{"line":60,"column":4}},{"start":{"line":60,"column":4},"end":{"line":60,"column":4}}]},"5":{"line":63,"type":"binary-expr","locations":[{"start":{"line":63,"column":24},"end":{"line":63,"column":44}},{"start":{"line":63,"column":48},"end":{"line":63,"column":65}}]},"6":{"line":66,"type":"binary-expr","locations":[{"start":{"line":66,"column":8},"end":{"line":66,"column":18}},{"start":{"line":67,"column":8},"end":{"line":67,"column":43}},{"start":{"line":68,"column":8},"end":{"line":68,"column":52}}]},"7":{"line":72,"type":"binary-expr","locations":[{"start":{"line":72,"column":13},"end":{"line":72,"column":23}},{"start":{"line":72,"column":27},"end":{"line":72,"column":52}},{"start":{"line":72,"column":56},"end":{"line":72,"column":59}}]},"8":{"line":76,"type":"binary-expr","locations":[{"start":{"line":76,"column":13},"end":{"line":76,"column":23}},{"start":{"line":76,"column":27},"end":{"line":76,"column":58}}]},"9":{"line":87,"type":"if","locations":[{"start":{"line":87,"column":4},"end":{"line":87,"column":4}},{"start":{"line":87,"column":4},"end":{"line":87,"column":4}}]},"10":{"line":104,"type":"if","locations":[{"start":{"line":104,"column":4},"end":{"line":104,"column":4}},{"start":{"line":104,"column":4},"end":{"line":104,"column":4}}]},"11":{"line":107,"type":"if","locations":[{"start":{"line":107,"column":4},"end":{"line":107,"column":4}},{"start":{"line":107,"column":4},"end":{"line":107,"column":4}}]},"12":{"line":110,"type":"if","locations":[{"start":{"line":110,"column":4},"end":{"line":110,"column":4}},{"start":{"line":110,"column":4},"end":{"line":110,"column":4}}]},"13":{"line":110,"type":"binary-expr","locations":[{"start":{"line":110,"column":8},"end":{"line":110,"column":29}},{"start":{"line":110,"column":33},"end":{"line":110,"column":52}}]},"14":{"line":123,"type":"if","locations":[{"start":{"line":123,"column":4},"end":{"line":123,"column":4}},{"start":{"line":123,"column":4},"end":{"line":123,"column":4}}]},"15":{"line":124,"type":"if","locations":[{"start":{"line":124,"column":6},"end":{"line":124,"column":6}},{"start":{"line":124,"column":6},"end":{"line":124,"column":6}}]},"16":{"line":139,"type":"binary-expr","locations":[{"start":{"line":139,"column":24},"end":{"line":139,"column":30}},{"start":{"line":139,"column":34},"end":{"line":139,"column":63}}]},"17":{"line":141,"type":"if","locations":[{"start":{"line":141,"column":4},"end":{"line":141,"column":4}},{"start":{"line":141,"column":4},"end":{"line":141,"column":4}}]},"18":{"line":181,"type":"if","locations":[{"start":{"line":181,"column":4},"end":{"line":181,"column":4}},{"start":{"line":181,"column":4},"end":{"line":181,"column":4}}]},"19":{"line":181,"type":"binary-expr","locations":[{"start":{"line":181,"column":8},"end":{"line":181,"column":37}},{"start":{"line":182,"column":8},"end":{"line":182,"column":84}}]},"20":{"line":186,"type":"if","locations":[{"start":{"line":186,"column":4},"end":{"line":186,"column":4}},{"start":{"line":186,"column":4},"end":{"line":186,"column":4}}]},"21":{"line":186,"type":"binary-expr","locations":[{"start":{"line":186,"column":8},"end":{"line":186,"column":37}},{"start":{"line":187,"column":8},"end":{"line":187,"column":84}}]},"22":{"line":192,"type":"if","locations":[{"start":{"line":192,"column":6},"end":{"line":192,"column":6}},{"start":{"line":192,"column":6},"end":{"line":192,"column":6}}]},"23":{"line":214,"type":"if","locations":[{"start":{"line":214,"column":4},"end":{"line":214,"column":4}},{"start":{"line":214,"column":4},"end":{"line":214,"column":4}}]}},"code":["\"use strict\";","","var React         = require('react');","var invariant     = require('./util/invariant');","var assign        = Object.assign || require('object-assign');","var matchRoutes   = require('./matchRoutes');","var Environment   = require('./environment');","var shallowEqual  = require('is-equal-shallow');","","var RouterMixin = {","  mixins: [Environment.Mixin],","","  propTypes: {","    // Added by matches","    _: React.PropTypes.array,","    _query: React.PropTypes.object,","    hash: React.PropTypes.bool,","    // User props","    path: React.PropTypes.string,","    contextual: React.PropTypes.bool,","    onBeforeNavigation: React.PropTypes.func,","    onNavigation: React.PropTypes.func,","    urlPatternOptions: React.PropTypes.oneOfType([","      React.PropTypes.arrayOf(React.PropTypes.string),","      React.PropTypes.object","    ])","  },","","  childContextTypes: {","    router: React.PropTypes.any","  },","","  getChildContext: function() {","    return {","      router: this","    };","  },","","  contextTypes: {","    router: React.PropTypes.any","  },","","  getInitialState: function() {","    return this.getRouterState(this.props);","  },","","  componentWillReceiveProps: function(nextProps) {","    if (!shallowEqual(nextProps, this.props)) {","      var nextState = this.getRouterState(nextProps);","      this.delegateSetRoutingState(nextState);","    }","  },","","  getRouterState: function(props) {","    var path;","    var prefix;","","    var parent = props.contextual && this.getParentRouter();","","    if (parent) {","      // Build our new path based off the parent. A navigation may be in progress, in which case","      // we as well want the newest data so we use the pending match.","      var parentMatch = parent._pendingMatch || parent.getMatch();","","      invariant(","        props.path ||","        isString(parentMatch.unmatchedPath) ||","        parentMatch.matchedPath === parentMatch.path,","        \"contextual router has nothing to match on: %s\", parentMatch.unmatchedPath","      );","","      path = props.path || parentMatch.unmatchedPath || '/';","      prefix = parent.state.prefix + parentMatch.matchedPath;","    } else {","","      path = props.path || this.getEnvironment().getPath();","","      invariant(","        isString(path),","        (\"router operate in environment which cannot provide path, \" +","         \"pass it a path prop; or probably you want to make it contextual\")","      );","","      prefix = '';","    }","","    if (path[0] !== '/') {","      path = '/' + path;","    }","","    var match = matchRoutes(this.getRoutes(props), path, this.getURLPatternOptions());","","    return {","      match: match,","      matchProps: match.getProps(),","      handler: match.getHandler(),","      prefix: prefix,","      navigation: {},","      path: path","    };","  },","","  getEnvironment: function() {","    if (this.props.environment) {","      return this.props.environment;","    }","    if (this.props.hash) {","      return Environment.hashEnvironment;","    }","    if (this.props.contextual && this.context.router) {","      return this.context.router.getEnvironment();","    }","    return Environment.defaultEnvironment;","  },","","  /**","   * Return parent router or undefined.","   */","  getParentRouter: function() {","    var current = this.context.router;","    var environment = this.getEnvironment();","","    if (current) {","      if (current.getEnvironment() === environment) {","        return current;","      }","    }","  },","","  /**","   * Return current match.","   */","  getMatch: function() {","    return this.state.match;","  },","","  getURLPatternOptions: function() {","    var parent = this.getParentRouter();","    var parentOptions = parent && parent.getURLPatternOptions();","    // Check existence so we don't return an empty object if there are no options.","    if (parentOptions) {","      return assign({}, this.props.urlPatternOptions, parentOptions);","    }","    return this.props.urlPatternOptions;","  },","","  /**","   * Make href scoped for the current router.","   */","  makeHref: function(href) {","    return join(this.state.prefix, href);","  },","","  /**","   * Navigate to a path","   *","   * @param {String} path","   * @param {Function} navigation","   * @param {Callback} cb","   */","  navigate: function(path, navigation, cb) {","    path = join(this.state.prefix, path);","    this.getEnvironment().setPath(path, navigation, cb);","  },","","  /**","   * Set new path.","   *","   * This function is called by environment.","   *","   * @private","   *","   * @param {String} path","   * @param {Function} navigation","   * @param {Callback} cb","   */","  setPath: function(path, navigation, cb) {","    var state = this.getRouterState(this.props);","    state.navigation = navigation;","","    if (this.props.onBeforeNavigation &&","        this.props.onBeforeNavigation(state.path, navigation, state.match) === false) {","      return;","    }","","    if (navigation.onBeforeNavigation &&","        navigation.onBeforeNavigation(state.path, navigation, state.match) === false) {","      return;","    }","","    this.delegateSetRoutingState(state, function() {","      if (this.props.onNavigation) {","        this.props.onNavigation(state.path, navigation, state.match);","      }","      cb();","    }.bind(this));","  },","","  /**","   * Return the current path","   */","  getPath: function () {","    return this.state.match.path;","  },","","  /**","   * Try to delegate state update to a setRoutingState method (might be provided","   * by router itself) or use replaceState.","   */","  delegateSetRoutingState: function(state, cb) {","    // Store this here so it can be accessed by child contextual routers in onBeforeNavigation.","    this._pendingMatch = state.match;","","    if (this.setRoutingState) {","      this.setRoutingState(state, cb);","    } else {","      this.setState(state, cb);","    }","  }","","};","","function join(a, b) {","  return (a + b).replace(/\\/\\//g, '/');","}","","function isString(o) {","  return Object.prototype.toString.call(o) === '[object String]';","}","","module.exports = RouterMixin;",""],"l":{"3":1,"4":1,"5":1,"6":1,"7":1,"8":1,"10":1,"34":0,"44":0,"48":0,"49":0,"50":0,"55":0,"56":0,"58":0,"60":0,"63":0,"65":0,"72":0,"73":0,"76":0,"78":0,"84":0,"87":0,"88":0,"91":0,"93":0,"104":0,"105":0,"107":0,"108":0,"110":0,"111":0,"113":0,"120":0,"121":0,"123":0,"124":0,"125":0,"134":0,"138":0,"139":0,"141":0,"142":0,"144":0,"151":0,"162":0,"163":0,"178":0,"179":0,"181":0,"183":0,"186":0,"188":0,"191":0,"192":0,"193":0,"195":0,"203":0,"212":0,"214":0,"215":0,"217":0,"223":1,"224":0,"227":1,"228":0,"231":1}},"/home/travis/build/npmtest/node-npmtest-react-router-component/node_modules/react-router-component/lib/util/invariant.js":{"path":"/home/travis/build/npmtest/node-npmtest-react-router-component/node_modules/react-router-component/lib/util/invariant.js","s":{"1":1,"2":1,"3":0,"4":0,"5":0,"6":0,"7":0,"8":0,"9":0,"10":0,"11":0,"12":0,"13":0,"14":0,"15":0,"16":1},"b":{"1":[0,0],"2":[0,0],"3":[0,0],"4":[0,0]},"f":{"1":0,"2":0},"fnMap":{"1":{"name":"(anonymous_1)","line":26,"loc":{"start":{"line":26,"column":16},"end":{"line":26,"column":63}}},"2":{"name":"(anonymous_2)","line":40,"loc":{"start":{"line":40,"column":72},"end":{"line":40,"column":84}}}},"statementMap":{"1":{"start":{"line":25,"column":0},"end":{"line":25,"column":35}},"2":{"start":{"line":26,"column":0},"end":{"line":48,"column":2}},"3":{"start":{"line":27,"column":2},"end":{"line":31,"column":3}},"4":{"start":{"line":28,"column":4},"end":{"line":30,"column":5}},"5":{"start":{"line":29,"column":6},"end":{"line":29,"column":70}},"6":{"start":{"line":33,"column":2},"end":{"line":47,"column":3}},"7":{"start":{"line":34,"column":4},"end":{"line":34,"column":14}},"8":{"start":{"line":35,"column":4},"end":{"line":43,"column":5}},"9":{"start":{"line":36,"column":6},"end":{"line":36,"column":158}},"10":{"start":{"line":38,"column":6},"end":{"line":38,"column":36}},"11":{"start":{"line":39,"column":6},"end":{"line":39,"column":23}},"12":{"start":{"line":40,"column":6},"end":{"line":42,"column":10}},"13":{"start":{"line":41,"column":8},"end":{"line":41,"column":32}},"14":{"start":{"line":45,"column":4},"end":{"line":45,"column":26}},"15":{"start":{"line":46,"column":4},"end":{"line":46,"column":16}},"16":{"start":{"line":50,"column":0},"end":{"line":50,"column":27}}},"branchMap":{"1":{"line":27,"type":"if","locations":[{"start":{"line":27,"column":2},"end":{"line":27,"column":2}},{"start":{"line":27,"column":2},"end":{"line":27,"column":2}}]},"2":{"line":28,"type":"if","locations":[{"start":{"line":28,"column":4},"end":{"line":28,"column":4}},{"start":{"line":28,"column":4},"end":{"line":28,"column":4}}]},"3":{"line":33,"type":"if","locations":[{"start":{"line":33,"column":2},"end":{"line":33,"column":2}},{"start":{"line":33,"column":2},"end":{"line":33,"column":2}}]},"4":{"line":35,"type":"if","locations":[{"start":{"line":35,"column":4},"end":{"line":35,"column":4}},{"start":{"line":35,"column":4},"end":{"line":35,"column":4}}]}},"code":["/**"," * Copyright 2013-2015, Facebook, Inc."," * All rights reserved."," *"," * This source code is licensed under the BSD-style license found in the"," * LICENSE file in the root directory of this source tree. An additional grant"," * of patent rights can be found in the PATENTS file in the same directory."," *"," * @providesModule invariant"," */","","\"use strict\";","","/**"," * Use invariant() to assert state which your program assumes to be true."," *"," * Provide sprintf-style format (only %s is supported) and arguments"," * to provide information about what broke and what you were"," * expecting."," *"," * The invariant message will be stripped in production, but the invariant"," * will remain to ensure logic does not differ in production."," */","","var __ENV__ = process.env.NODE_ENV; // env lookup is slow in Node","var invariant = function (condition, format, a, b, c, d, e, f) {","  if (__ENV__ !== 'production') {","    if (format === undefined) {","      throw new Error('invariant requires an error message argument');","    }","  }","","  if (!condition) {","    var error;","    if (format === undefined) {","      error = new Error('Minified exception occurred; use the non-minified dev environment ' + 'for the full error message and additional helpful warnings.');","    } else {","      var args = [a, b, c, d, e, f];","      var argIndex = 0;","      error = new Error('Invariant Violation: ' + format.replace(/%s/g, function () {","        return args[argIndex++];","      }));","    }","","    error.framesToPop = 1; // we don't care about invariant's own frame","    throw error;","  }","};","","module.exports = invariant;",""],"l":{"25":1,"26":1,"27":0,"28":0,"29":0,"33":0,"34":0,"35":0,"36":0,"38":0,"39":0,"40":0,"41":0,"45":0,"46":0,"50":1}},"/home/travis/build/npmtest/node-npmtest-react-router-component/node_modules/react-router-component/lib/matchRoutes.js":{"path":"/home/travis/build/npmtest/node-npmtest-react-router-component/node_modules/react-router-component/lib/matchRoutes.js","s":{"1":1,"2":1,"3":1,"4":1,"5":1,"6":1,"7":1,"8":1,"9":1,"10":0,"11":0,"12":0,"13":0,"14":0,"15":0,"16":0,"17":0,"18":0,"19":0,"20":0,"21":0,"2
[...]
loc":{"start":{"line":54,"column":44},"end":{"line":54,"column":55}}},"9":{"name":"(anonymous_9)","line":60,"loc":{"start":{"line":60,"column":49},"end":{"line":60,"column":60}}},"10":{"name":"getEnvironment","line":69,"loc":{"start":{"line":69,"column":0},"end":{"line":69,"column":29}}}},"statementMap":{"1":{"start":{"line":3,"column":0},"end":{"line":3,"column":43}},"2":{"start":{"line":8,"column":0},"end":{"line":31,"column":1}},"3":{"start":{"line":9,"column":2},"end":{"line":9,"column":17}},"4":{"start":{"line":10,"column":2},"end":{"line":10,"column":57}},"5":{"start":{"line":11,"column":2},"end":{"line":11,"column":14}},"6":{"start":{"line":13,"column":2},"end":{"line":18,"column":3}},"7":{"start":{"line":14,"column":4},"end":{"line":14,"column":34}},"8":{"start":{"line":15,"column":4},"end":{"line":15,"column":47}},"9":{"start":{"line":17,"column":4},"end":{"line":17,"column":19}},"10":{"start":{"line":20,"column":2},"end":{"line":28,"column":4}},"11":{"start":{"line":22,"column":32},"end":{"line":22,"column":58}},"12":{"start":{"line":24,"column":6},"end":{"line":24,"column":31}},"13":{"start":{"line":25,"column":6},"end":{"line":25,"column":36}},"14":{"start":{"line":26,"column":6},"end":{"line":26,"column":45}},"15":{"start":{"line":30,"column":2},"end":{"line":30,"column":25}},"16":{"start":{"line":33,"column":0},"end":{"line":33,"column":76}},"17":{"start":{"line":34,"column":0},"end":{"line":34,"column":78}},"18":{"start":{"line":36,"column":0},"end":{"line":38,"column":2}},"19":{"start":{"line":37,"column":2},"end":{"line":37,"column":46}},"20":{"start":{"line":40,"column":0},"end":{"line":42,"column":2}},"21":{"start":{"line":41,"column":2},"end":{"line":41,"column":39}},"22":{"start":{"line":44,"column":0},"end":{"line":46,"column":2}},"23":{"start":{"line":45,"column":2},"end":{"line":45,"column":39}},"24":{"start":{"line":48,"column":0},"end":{"line":52,"column":2}},"25":{"start":{"line":49,"column":2},"end":{"line":51,"column":3}},"26":{"start":{"line":50,"column":4},"end":{"line":50,"column":62}},"27":{"start":{"line":54,"column":0},"end":{"line":58,"column":2}},"28":{"start":{"line":55,"column":2},"end":{"line":57,"column":3}},"29":{"start":{"line":56,"column":4},"end":{"line":56,"column":65}},"30":{"start":{"line":60,"column":0},"end":{"line":65,"column":2}},"31":{"start":{"line":61,"column":2},"end":{"line":61,"column":28}},"32":{"start":{"line":62,"column":2},"end":{"line":64,"column":3}},"33":{"start":{"line":63,"column":4},"end":{"line":63,"column":27}},"34":{"start":{"line":67,"column":0},"end":{"line":67,"column":23}},"35":{"start":{"line":69,"column":0},"end":{"line":74,"column":1}},"36":{"start":{"line":70,"column":2},"end":{"line":72,"column":3}},"37":{"start":{"line":71,"column":4},"end":{"line":71,"column":61}},"38":{"start":{"line":73,"column":2},"end":{"line":73,"column":28}},"39":{"start":{"line":76,"column":0},"end":{"line":76,"column":44}},"40":{"start":{"line":77,"column":0},"end":{"line":77,"column":47}}},"branchMap":{"1":{"line":20,"type":"binary-expr","locations":[{"start":{"line":20,"column":17},"end":{"line":20,"column":24}},{"start":{"line":20,"column":28},"end":{"line":28,"column":3}}]},"2":{"line":37,"type":"binary-expr","locations":[{"start":{"line":37,"column":9},"end":{"line":37,"column":39}},{"start":{"line":37,"column":43},"end":{"line":37,"column":45}}]},"3":{"line":49,"type":"if","locations":[{"start":{"line":49,"column":2},"end":{"line":49,"column":2}},{"start":{"line":49,"column":2},"end":{"line":49,"column":2}}]},"4":{"line":49,"type":"binary-expr","locations":[{"start":{"line":49,"column":6},"end":{"line":49,"column":35}},{"start":{"line":49,"column":39},"end":{"line":49,"column":62}}]},"5":{"line":55,"type":"if","locations":[{"start":{"line":55,"column":2},"end":{"line":55,"column":2}},{"start":{"line":55,"column":2},"end":{"line":55,"column":2}}]},"6":{"line":55,"type":"binary-expr","locations":[{"start":{"line":55,"column":6},"end":{"line":55,"column":35}},{"start":{"line":55,"column":39},"end":{"line":55,"column":65}}]},"7":{"line":62,"type":"if","locations":[{"start":{"line":62,"column":2},"end":{"line":62,"column":2}},{"start":{"line":62,"column":2},"end":{"line":62,"column":2}}]},"8":{"line":70,"type":"if","locations":[{"start":{"line":70,"column":2},"end":{"line":70,"column":2}},{"start":{"line":70,"column":2},"end":{"line":70,"column":2}}]}},"code":["'use strict';","","var Environment = require('./Environment');","","/**","* Routing environment which stores routing state in localStorage.","*/","function LocalStorageKeyEnvironment(key) {","  this.key = key;","  var store = this.onStorage = this.onStorage.bind(this);","  var storage;","","  try {","    storage = window.localStorage;","    storage.setItem(key, storage.getItem(key));","  } catch (e) {","    storage = null;","  }","","  this.storage = storage || {","    data: {},","    getItem: function(itemKey) {return this.data[itemKey]; },","    setItem: function(itemKey, val) {","      this.data[itemKey] = val;","      clearTimeout(this.storeEvent);","      this.storeEvent = setTimeout(store, 1);","    }","  };","","  Environment.call(this);","}","","LocalStorageKeyEnvironment.prototype = Object.create(Environment.prototype);","LocalStorageKeyEnvironment.prototype.constructor = LocalStorageKeyEnvironment;","","LocalStorageKeyEnvironment.prototype.getPath = function() {","  return this.storage.getItem(this.key) || '';","};","","LocalStorageKeyEnvironment.prototype.pushState = function(path, navigation) {","  this.storage.setItem(this.key, path);","};","","LocalStorageKeyEnvironment.prototype.replaceState = function(path, navigation) {","  this.storage.setItem(this.key, path);","};","","LocalStorageKeyEnvironment.prototype.start = function() {","  if (typeof window !== 'undefined' && window.addEventListener) {","    window.addEventListener('storage', this.onStorage, false);","  }","};","","LocalStorageKeyEnvironment.prototype.stop = function() {","  if (typeof window !== 'undefined' && window.removeEventListener) {","    window.removeEventListener('storage', this.onStorage, false);","  }","};","","LocalStorageKeyEnvironment.prototype.onStorage = function() {","  var path = this.getPath();","  if (this.path !== path) {","    this.setPath(path, {});","  }","};","","var _environments = {};","","function getEnvironment(key) {","  if (_environments[key] === undefined) {","    _environments[key] = new LocalStorageKeyEnvironment(key);","  }","  return _environments[key];","}","","module.exports = LocalStorageKeyEnvironment;","module.exports.getEnvironment = getEnvironment;",""],"l":{"3":1,"8":1,"9":0,"10":0,"11":0,"13":0,"14":0,"15":0,"17":0,"20":0,"22":0,"24":0,"25":0,"26":0,"30":0,"33":1,"34":1,"36":1,"37":0,"40":1,"41":0,"44":1,"45":0,"48":1,"49":0,"50":0,"54":1,"55":0,"56":0,"60":1,"61":0,"62":0,"63":0,"67":1,"69":1,"70":0,"71":0,"73":0,"76":1,"77":1}},"/home/travis/build/npmtest/node-npmtest-react-router-component/node_modules/react-router-component/lib/environment/PathnameEnvironment.js":{"path":"/home/travis/build/npmtest/node-npmtest-react-router-component/node_modules/react-router-component/lib/environment/PathnameEnvironment.js","s":{"1":1,"2":1,"3":0,"4":0,"5":0,"6":1,"7":1,"8":1,"9":0,"10":1,"11":0,"12":0,"13":0,"14":1,"15":0,"16":0,"17":0,"18":1,"19":0,"20":0,"21":1,"22":0,"23":0,"24":1,"25":0,"26":0,"27":0,"28":1},"b":{"1":[0,0,0],"2":[0,0],"3":[0,0],"4":[0,0],"5":[0,0],"6":[0,0],"7":[0,0],"8":[0,0]},"f":{"1":0,"2":0,"3":0,"4":0,"5":0,"6":0,"7":0},"fnMap":{"1":{"name":"PathnameEnvironment","line":8,"loc":{"start":{"line":8,"column":0},"end":{"line":8,"column":31}}},"2":{"name":"(anonymous_2)","line":19,"loc":{"start":{"line":19,"column":40},"end":{"line":19,"column":51}}},"3":{"name":"(anonymous_3)","line":23,"loc":{"start":{"line":23,"column":42},"end":{"line":23,"column":69}}},"4":{"name":"(anonymous_4)","line":31,"loc":{"start":{"line":31,"column":45},"end":{"line":31,"column":72}}},"5":{"name":"(anonymous_5)","line":39,"loc":{"start":{"line":39,"column":38},"end":{"line":39,"column":49}}},"6":{"name":"(anonymous_6)","line":45,"loc":{"start":{"line":45,"column":37},"end":{"line":45,"column":48}}},"7":{"name":"(anonymous_7)","line":51,"loc":{"start":{"line":51,"column":43},"end":{"line":51,"column":55}}}},"statementMap":{"1":{"start":{"line":3,"column":0},"end":{"line":3,"column":43}},"2":{"start":{"line":8,"column":0},"end":{"line":14,"column":1}},"3":{"start":{"line":9,"column":2},"end":{"line":9,"column":47}},"4":{"start":{"line":10,"column":2},"end":{"line":12,"column":55}},"5":{"start":{"line":13,"column":2},"end":{"line":13,"column":25}},"6":{"start":{"line":16,"column":0},"end":{"line":16,"column":69}},"7":{"start":{"line":17,"column":0},"end":{"line":17,"column":64}},"8":{"start":{"line":19,"column":0},"end":{"line":21,"column":2}},"9":{"start":{"line":20,"column":2},"end":{"line":20,"column":59}},"10":{"start":{"line":23,"column":0},"end":{"line":29,"column":2}},"11":{"start":{"line":24,"column":2},"end":{"line":28,"column":3}},"12":{"start":{"line":25,"column":4},"end":{"line":25,"column":43}},"13":{"start":{"line":27,"column":4},"end":{"line":27,"column":36}},"14":{"start":{"line":31,"column":0},"end":{"line":37,"column":2}},"15":{"start":{"line":32,"column":2},"end":{"line":36,"column":3}},"16":{"start":{"line":33,"column":4},"end":{"line":33,"column":46}},"17":{"start":{"line":35,"column":4},"end":{"line":35,"column":36}},"18":{"start":{"line":39,"column":0},"end":{"line":43,"column":2}},"19":{"start":{"line":40,"column":2},"end":{"line":42,"column":3}},"20":{"start":{"line":41,"column":4},"end":{"line":41,"column":57}},"21":{"start":{"line":45,"column":0},"end":{"line":49,"column":2}},"22":{"start":{"line":46,"column":2},"end":{"line":48,"column":3}},"23":{"start":{"line":47,"column":4},"end":{"line":47,"column":60}},"24":{"start":{"line":51,"column":0},"end":{"line":57,"column":2}},"25":{"start":{"line":52,"column":2},"end":{"line":52,"column":38}},"26":{"start":{"line":54,"column":2},"end":{"line":56,"column":3}},"27":{"start":{"line":55,"column":4},"end":{"line":55,"column":43}},"28":{"start":{"line":59,"column":0},"end":{"line":59,"column":37}}},"branchMap":{"1":{"line":10,"type":"binary-expr","locations":[{"start":{"line":10,"column":26},"end":{"line":10,"column":40}},{"start":{"line":11,"column":26},"end":{"line":11,"column":50}},{"start":{"line":12,"column":26},"end":{"line":12,"column":53}}]},"2":{"line":24,"type":"if","locations":[{"start":{"line":24,"column":2},"end":{"line":24,"column":2}},{"start":{"line":24,"column":2},"end":{"line":24,"column":2}}]},"3":{"line":32,"type":"if","locations":[{"start":{"line":32,"column":2},"end":{"line":32,"column":2}},{"start":{"line":32,"column":2},"end":{"line":32,"column":2}}]},"4":{"line":40,"type":"if","locations":[{"start":{"line":40,"column":2},"end":{"line":40,"column":2}},{"start":{"line":40,"column":2},"end":{"line":40,"column":2}}]},"5":{"line":40,"type":"binary-expr","locations":[{"start":{"line":40,"column":6},"end":{"line":40,"column":24}},{"start":{"line":40,"column":28},"end":{"line":40,"column":51}}]},"6":{"line":46,"type":"if","locations":[{"start":{"line":46,"column":2},"end":{"line":46,"column":2}},{"start":{"line":46,"column":2},"end":{"line":46,"column":2}}]},"7":{"line":46,"type":"binary-expr","locations":[{"start":{"line":46,"column":6},"end":{"line":46,"column":24}},{"start":{"line":46,"column":28},"end":{"line":46,"column":54}}]},"8":{"line":54,"type":"if","locations":[{"start":{"line":54,"column":2},"end":{"line":54,"column":2}},{"start":{"line":54,"column":2},"end":{"line":54,"column":2}}]}},"code":["\"use strict\";","","var Environment = require('./Environment');","","/**"," * Routing environment which routes by `location.pathname`."," */","function PathnameEnvironment() {","  this.onPopState = this.onPopState.bind(this);","  this.useHistoryApi = !!(window.history &&","                          window.history.pushState &&","                          window.history.replaceState);","  Environment.call(this);","}","","PathnameEnvironment.prototype = Object.create(Environment.prototype);","PathnameEnvironment.prototype.constructor = PathnameEnvironment;","","PathnameEnvironment.prototype.getPath = function() {","  return window.location.pathname + window.location.search;","};","","PathnameEnvironment.prototype.pushState = function(path, navigation) {","  if (this.useHistoryApi) {","    window.history.pushState({}, '', path);","  } else {","    window.location.pathname = path;","  }","};","","PathnameEnvironment.prototype.replaceState = function(path, navigation) {","  if (this.useHistoryApi) {","    window.history.replaceState({}, '', path);","  } else {","    window.location.pathname = path;","  }","};","","PathnameEnvironment.prototype.start = function() {","  if (this.useHistoryApi && window.addEventListener) {","    window.addEventListener('popstate', this.onPopState);","  }","};","","PathnameEnvironment.prototype.stop = function() {","  if (this.useHistoryApi && window.removeEventListener) {","    window.removeEventListener('popstate', this.onPopState);","  }","};","","PathnameEnvironment.prototype.onPopState = function(e) {","  var path = window.location.pathname;","","  if (this.path !== path) {","    this.setPath(path, {isPopState: true});","  }","};","","module.exports = PathnameEnvironment;",""],"l":{"3":1,"8":1,"9":0,"10":0,"13":0,"16":1,"17":1,"19":1,"20":0,"23":1,"24":0,"25":0,"27":0,"31":1,"32":0,"33":0,"35":0,"39":1,"40":0,"41":0,"45":1,"46":0,"47":0,"51":1,"52":0,"54":0,"55":0,"59":1}},"/home/travis/build/npmtest/node-npmtest-react-router-component/node_modules/react-router-component/lib/environment/QuerystringKeyEnvironment.js":{"path":"/home/travis/build/npmtest/node-npmtest-react-router-component/node_modules/react-router-component/lib/environment/QuerystringKeyEnvironment.js","s":{"1":1,"2":1,"3":1,"4":0,"5":0,"6":1,"7":1,"8":1,"9":0,"10":0,"11":1,"12":0,"13":0,"14":1,"15":0,"16":0,"17":1,"18":0,"19":0,"20":0,"21":0,"22":0,"23":0,"24":0,"25":0,"26":0,"27":0,"28":1,"29":1,"30":0,"31":0,"32":0,"33":1,"34":1},"b":{"1":[0,0],"2":[0,0],"3":[0,0],"4":[0,0]},"f":{"1":0,"2":0,"3":0,"4":0,"5":0,"6":0},"fnMap":{"1":{"name":"QuerystringKeyEnvironment","line":9,"loc":{"start":{"line":9,"column":0},"end":{"line":9,"column":40}}},"2":{"name":"(anonymous_2)","line":17,"loc":{"start":{"line":17,"column":46},"end":{"line":17,"column":57}}},"3":{"name":"(anonymous_3)","line":22,"loc":{"start":{"line":22,"column":48},"end":{"line":22,"column":75}}},"4":{"name":"(anonymous_4)","line":27,"loc":{"start":{"line":27,"column":51},"end":{"line":27,"column":78}}},"5":{"name":"(anonymous_5)","line":32,"loc":{"start":{"line":32,"column":50},"end":{"line":32,"column":66}}},"6":{"name":"getEnvironment","line":48,"loc":{"start":{"line":48,"column":0},"end":{"line":48,"column":29}}}},"statementMap":{"1":{"start":{"line":3,"column":0},"end":{"line":3,"column":40}},"2":{"start":{"line":4,"column":0},"end":{"line":4,"column":59}},"3":{"start":{"line":9,"column":0},"end":{"line":12,"column":1}},"4":{"start":{"line":10,"column":2},"end":{"line":10,"column":17}},"5":{"start":{"line":11,"column":2},"end":{"line":11,"column":33}},"6":{"start":{"line":14,"column":0},"end":{"line":14,"column":83}},"7":{"start":{"line":15,"column":0},"end":{"line":15,"column":76}},"8":{"start":{"line":17,"column":0},"end":{"line":20,"column":2}},"9":{"start":{"line":18,"column":2},"end":{"line":18,"column":56}},"10":{"start":{"line":19,"column":2},"end":{"line":19,"column":55}},"11":{"start":{"line":22,"column":0},"end":{"line":25,"column":2}},"12":{"start":{"line":23,"column":2},"end":{"line":23,"column":32}},"13":{"start":{"line":24,"column":2},"end":{"line":24,"column":71}},"14":{"start":{"line":27,"column":0},"end":{"line":30,"column":2}},"15":{"start":{"line":28,"column":2},"end":{"line":28,"column":32}},"16":{"start":{"line":29,"column":2},"end":{"line":29,"column":74}},"17":{"start":{"line":32,"column":0},"end":{"line":45,"column":2}},"18":{"start":{"line":33,"column":2},"end":{"line":33,"column":62}},"19":{"start":{"line":34,"column":2},"end":{"line":34,"column":12}},"20":{"start":{"line":35,"column":2},"end":{"line":44,"column":3}},"21":{"start":{"line":36,"column":4},"end":{"line":36,"column":15}},"22":{"start":{"line":37,"column":4},"end":{"line":37,"column":37}},"23":{"start":{"line":38,"column":4},"end":{"line":38,"column":38}},"24":{"start":{"line":40,"column":4},"end":{"line":40,"column":35}},"25":{"start":{"line":41,"column":4},"end":{"line":41,"column":40}},"26":{"start":{"line":42,"column":4},"end":{"line":42,"column":37}},"27":{"start":{"line":43,"column":4},"end":{"line":43,"column":51}},"28":{"start":{"line":46,"column":0},"end":{"line":46,"column":23}},"29":{"start":{"line":48,"column":0},"end":{"line":53,"column":1}},"30":{"start":{"line":49,"column":2},"end":{"line":51,"column":3}},"31":{"start":{"line":50,"column":4},"end":{"line":50,"column":60}},"32":{"start":{"line":52,"column":2},"end":{"line":52,"column":28}},"33":{"start":{"line":55,"column":0},"end":{"line":55,"column":43}},"34":{"start":{"line":56,"column":0},"end":{"line":56,"column":47}}},"branchMap":{"1":{"line":19,"type":"cond-expr","locations":[{"start":{"line":19,"column":27},"end":{"line":19,"column":48}},{"start":{"line":19,"column":51},"end":{"line":19,"column":54}}]},"2":{"line":35,"type":"if","locations":[{"start":{"line":35,"column":2},"end":{"line":35,"column":2}},{"start":{"line":35,"column":2},"end":{"line":35,"column":2}}]},"3":{"line":41,"type":"binary-expr","locations":[{"start":{"line":41,"column":21},"end":{"line":41,"column":32}},{"start":{"line":41,"column":36},"end":{"line":41,"column":38}}]},"4":{"line":49,"type":"if","locations":[{"start":{"line":49,"column":2},"end":{"line":49,"column":2}},{"start":{"line":49,"column":2},"end":{"line":49,"column":2}}]}},"code":["\"use strict\";","","var qs                  = require('qs');","var PathnameEnvironment = require('./PathnameEnvironment');","","/**"," * Environment which keeps routing state in a specified key in a querystring."," */","function QuerystringKeyEnvironment(key) {","  this.key = key;","  PathnameEnvironment.call(this);","}","","QuerystringKeyEnvironment.prototype = Object.create(PathnameEnvironment.prototype);","QuerystringKeyEnvironment.prototype.constructor = QuerystringKeyEnvironment;","","QuerystringKeyEnvironment.prototype.getPath = function() {","  var query = qs.parse(window.location.search.slice(1));","  return query[this.key] ? '/' + query[this.key] : '/';","};","","QuerystringKeyEnvironment.prototype.pushState = function(path, navigation) {","  path = this.updatedPath(path);","  PathnameEnvironment.prototype.pushState.call(this, path, navigation);","};","","QuerystringKeyEnvironment.prototype.replaceState = function(path, navigation) {","  path = this.updatedPath(path);","  PathnameEnvironment.prototype.replaceState.call(this, path, navigation);","};","","QuerystringKeyEnvironment.prototype.updatedPath = function(value) {","  var path = PathnameEnvironment.prototype.getPath.call(this);","  var query;","  if (path.indexOf('?') === -1) {","    query = {};","    query[this.key] = value.slice(1);","    return '/?' + qs.stringify(query);","  } else {","    var splitted = path.split('?');","    query = qs.parse(splitted[1] || '');","    query[this.key] = value.slice(1);","    return splitted[0] + '?' + qs.stringify(query);","  }","};","var _environments = {};","","function getEnvironment(key) {","  if (_environments[key] === undefined) {","    _environments[key] = new QuerystringKeyEnvironment(key);","  }","  return _environments[key];","}","","module.exports = QuerystringKeyEnvironment;","module.exports.getEnvironment = getEnvironment;",""],"l":{"3":1,"4":1,"9":1,"10":0,"11":0,"14":1,"15":1,"17":1,"18":0,"19":0,"22":1,"23":0,"24":0,"27":1,"28":0,"29":0,"32":1,"33":0,"34":0,"35":0,"36":0,"37":0,"38":0,"40":0,"41":0,"42":0,"43":0,"46":1,"48":1,"49":0,"50":0,"52":0,"55":1,"56":1}}}